2002.10.14 11:32 B H:\HOME\www\ISOA\include\unit.php --> mail1 /var/www/html/mail1/postaci/volfova/ISOA/include unit.php
2002.10.25 14:00 B H:\HOME\www\ISOA\include\unit.php --> mail1 /var/www/html/mail1/postaci/volfova/ISOA/include unit.php
2002.10.25 14:02 B H:\HOME\www\ISOA\include\unit.php --> mail1 /var/www/html/mail1/postaci/volfova/ISOA/include unit.php
2002.10.25 14:03 B H:\HOME\www\ISOA\include\unit.php --> mail1 /var/www/html/mail1/postaci/volfova/ISOA/include unit.php
2002.10.25 14:29 B H:\HOME\www\ISOA\include\unit.php --> mail1 /var/www/html/mail1/postaci/volfova/ISOA/include unit.php
2002.10.25 14:30 B H:\HOME\www\ISOA\include\unit.php --> mail1 /var/www/html/mail1/postaci/volfova/ISOA/include unit.php
2002.10.25 14:31 B H:\HOME\www\ISOA\include\unit.php --> mail1 /var/www/html/mail1/postaci/volfova/ISOA/include unit.php
2002.10.25 14:36 B H:\HOME\www\ISOA\include\unit.php --> mail1 /var/www/html/mail1/postaci/volfova/ISOA/include unit.php
2002.10.25 14:37 B H:\HOME\www\ISOA\include\unit.php --> mail1 /var/www/html/mail1/postaci/volfova/ISOA/include unit.php
2002.10.25 14:38 B H:\HOME\www\ISOA\include\unit.php --> mail1 /var/www/html/mail1/postaci/volfova/ISOA/include unit.php
2002.10.25 14:39 B H:\HOME\www\ISOA\include\unit.php --> mail1 /var/www/html/mail1/postaci/volfova/ISOA/include unit.php
2002.10.25 14:39 B H:\HOME\www\ISOA\include\unit.php --> mail1 /var/www/html/mail1/postaci/volfova/ISOA/include unit.php
2002.10.25 14:39 B H:\HOME\www\ISOA\include\unit.php --> mail1 /var/www/html/mail1/postaci/volfova/ISOA/include unit.php
2002.10.25 14:40 B H:\HOME\www\ISOA\include\unit.php --> mail1 /var/www/html/mail1/postaci/volfova/ISOA/include unit.php
2002.10.25 14:41 B H:\HOME\www\ISOA\include\unit.php --> mail1 /var/www/html/mail1/postaci/volfova/ISOA/include unit.php
2002.10.25 14:41 B H:\HOME\www\ISOA\include\unit.php --> mail1 /var/www/html/mail1/postaci/volfova/ISOA/include unit.php
2002.10.25 14:43 B H:\HOME\www\ISOA\include\unit.php --> mail1 /var/www/html/mail1/postaci/volfova/ISOA/include unit.php
2002.10.25 15:02 B H:\HOME\www\ISOA\include\unit.php --> mail1 /var/www/html/mail1/postaci/volfova/ISOA/include unit.php
2002.10.25 16:12 B H:\HOME\www\ISOA\include\unit.php --> mail1 /var/www/html/mail1/postaci/volfova/ISOA/include unit.php
2002.10.25 16:13 B H:\HOME\www\ISOA\include\unit.php --> mail1 /var/www/html/mail1/postaci/volfova/ISOA/include unit.php
2002.10.25 16:34 B H:\HOME\www\ISOA\include\unit.php --> mail1 /var/www/html/mail1/postaci/volfova/ISOA/include unit.php
2002.10.25 16:35 B H:\HOME\www\ISOA\include\unit.php --> mail1 /var/www/html/mail1/postaci/volfova/ISOA/include unit.php
2002.10.25 16:37 B H:\HOME\www\ISOA\include\unit.php --> mail1 /var/www/html/mail1/postaci/volfova/ISOA/include unit.php
2002.10.25 16:38 B H:\HOME\www\ISOA\include\unit.php --> mail1 /var/www/html/mail1/postaci/volfova/ISOA/include unit.php
2002.10.25 16:43 B H:\HOME\www\ISOA\include\unit.php --> mail1 /var/www/html/mail1/postaci/volfova/ISOA/include unit.php
2002.10.25 16:44 B H:\HOME\www\ISOA\include\unit.php --> mail1 /var/www/html/mail1/postaci/volfova/ISOA/include unit.php
2002.10.25 16:46 B H:\HOME\www\ISOA\include\unit.php --> mail1 /var/www/html/mail1/postaci/volfova/ISOA/include unit.php
2002.10.25 17:15 B H:\HOME\www\ISOA\include\unit.php --> mail1 /var/www/html/mail1/postaci/volfova/ISOA/include unit.php
2002.10.25 17:16 B H:\HOME\www\ISOA\include\unit.php --> mail1 /var/www/html/mail1/postaci/volfova/ISOA/include unit.php
2002.10.25 17:16 B H:\HOME\www\ISOA\include\unit.php --> mail1 /var/www/html/mail1/postaci/volfova/ISOA/include unit.php
2002.10.25 17:19 B H:\HOME\www\ISOA\include\unit.php --> mail1 /var/www/html/mail1/postaci/volfova/ISOA/include unit.php
2002.10.25 17:20 B H:\HOME\www\ISOA\include\unit.php --> mail1 /var/www/html/mail1/postaci/volfova/ISOA/include unit.php
2002.10.25 17:21 B H:\HOME\www\ISOA\include\unit.php --> mail1 /var/www/html/mail1/postaci/volfova/ISOA/include unit.php
2002.10.25 17:27 B H:\HOME\www\ISOA\include\unit.php --> mail1 /var/www/html/mail1/postaci/volfova/ISOA/include unit.php
2002.10.25 17:46 B H:\HOME\www\ISOA\include\unit.php --> mail1 /var/www/html/mail1/postaci/volfova/ISOA/include unit.php
2002.10.25 17:46 B H:\HOME\www\ISOA\include\unit.php --> mail1 /var/www/html/mail1/postaci/volfova/ISOA/include unit.php
2002.10.25 17:47 B H:\HOME\www\ISOA\include\unit.php --> mail1 /var/www/html/mail1/postaci/volfova/ISOA/include unit.php
2002.10.25 17:47 B H:\HOME\www\ISOA\include\unit.php --> mail1 /var/www/html/mail1/postaci/volfova/ISOA/include unit.php
2002.10.25 17:51 B H:\HOME\www\ISOA\include\unit.php --> mail1 /var/www/html/mail1/postaci/volfova/ISOA/include unit.php
2002.10.25 17:51 B H:\HOME\www\ISOA\include\unit.php --> mail1 /var/www/html/mail1/postaci/volfova/ISOA/include unit.php
2002.10.25 17:52 B H:\HOME\www\ISOA\include\unit.bak --> mail1 /var/www/html/mail1/postaci/volfova/ISOA/include unit.bak
2002.10.25 17:52 B H:\HOME\www\ISOA\include\unit.php --> mail1 /var/www/html/mail1/postaci/volfova/ISOA/include unit.php
2002.10.25 17:53 B H:\HOME\www\ISOA\include\unit.php --> mail1 /var/www/html/mail1/postaci/volfova/ISOA/include unit.php
2002.10.25 17:55 B H:\HOME\www\ISOA\include\unit.php --> mail1 /var/www/html/mail1/postaci/volfova/ISOA/include unit.php
2002.10.25 17:56 B H:\HOME\www\ISOA\include\unit.php --> mail1 /var/www/html/mail1/postaci/volfova/ISOA/include unit.php
2002.10.25 17:57 B H:\HOME\www\ISOA\include\unit.php --> mail1 /var/www/html/mail1/postaci/volfova/ISOA/include unit.php
2002.10.25 17:58 B H:\HOME\www\ISOA\include\unit.php --> mail1 /var/www/html/mail1/postaci/volfova/ISOA/include unit.php
2002.10.25 17:58 B H:\HOME\www\ISOA\include\unit.php --> mail1 /var/www/html/mail1/postaci/volfova/ISOA/include unit.php
2002.10.25 17:59 B H:\HOME\www\ISOA\include\unit.php --> mail1 /var/www/html/mail1/postaci/volfova/ISOA/include unit.php
2002.10.25 18:04 B H:\HOME\www\ISOA\include\unit.php --> mail1 /var/www/html/mail1/postaci/volfova/ISOA/include unit.php
2002.10.25 18:11 B H:\HOME\www\ISOA\include\unit.php --> mail1 /var/www/html/mail1/postaci/volfova/ISOA/include unit.php
2002.10.25 18:13 B H:\HOME\www\ISOA\include\unit.php --> mail1 /var/www/html/mail1/postaci/volfova/ISOA/include unit.php
2002.10.25 18:15 B H:\HOME\www\ISOA\include\unit.php --> mail1 /var/www/html/mail1/postaci/volfova/ISOA/include unit.php
2002.10.25 18:16 B H:\HOME\www\ISOA\include\unit.php --> mail1 /var/www/html/mail1/postaci/volfova/ISOA/include unit.php
2002.10.29 09:31 B H:\HOME\www\ISOA\ISOA\include\unit.php <-- mail /var/www/html/mail1/postaci/volfova/ISOA/include unit.php
2002.10.29 09:45 B H:\HOME\www\ISOA\ISOA\include\unit.php --> mail1 /var/www/html/mail1/postaci/volfova/ISOA/include unit.php
2002.10.29 09:49 B H:\HOME\www\ISOA\ISOA\include\unit.php --> mail1 /var/www/html/mail1/postaci/volfova/ISOA/include unit.php
2002.10.29 09:52 B H:\HOME\www\ISOA\ISOA\include\unit.php --> mail1 /var/www/html/mail1/postaci/volfova/ISOA/include unit.php
2002.10.29 09:53 B H:\HOME\www\ISOA\ISOA\include\unit.php --> mail1 /var/www/html/mail1/postaci/volfova/ISOA/include unit.php
2002.10.29 09:54 B H:\HOME\www\ISOA\ISOA\include\unit.php --> mail1 /var/www/html/mail1/postaci/volfova/ISOA/include unit.php
2002.10.29 09:55 B H:\HOME\www\ISOA\ISOA\include\unit.php --> mail1 /var/www/html/mail1/postaci/volfova/ISOA/include unit.php
2002.10.29 10:14 B H:\HOME\www\ISOA\ISOA\include\unit.php --> mail1 /var/www/html/mail1/postaci/volfova/ISOA/include unit.php
2002.10.29 10:17 B H:\HOME\www\ISOA\ISOA\include\unit.php --> mail1 /var/www/html/mail1/postaci/volfova/ISOA/include unit.php
2002.10.29 10:19 B H:\HOME\www\ISOA\ISOA\include\unit.php --> mail1 /var/www/html/mail1/postaci/volfova/ISOA/include unit.php
2002.10.29 10:21 B H:\HOME\www\ISOA\ISOA\include\unit.php --> mail1 /var/www/html/mail1/postaci/volfova/ISOA/include unit.php
2002.10.29 10:22 B H:\HOME\www\ISOA\ISOA\include\unit.php --> mail1 /var/www/html/mail1/postaci/volfova/ISOA/include unit.php
2002.10.29 10:27 B H:\HOME\www\ISOA\ISOA\include\unit.php --> mail1 /var/www/html/mail1/postaci/volfova/ISOA/include unit.php
2002.10.29 10:27 B H:\HOME\www\ISOA\ISOA\include\unit.php --> mail1 /var/www/html/mail1/postaci/volfova/ISOA/include unit.php
2002.10.29 10:29 B H:\HOME\www\ISOA\ISOA\include\unit.php --> mail1 /var/www/html/mail1/postaci/volfova/ISOA/include unit.php
2002.10.29 10:29 B H:\HOME\www\ISOA\ISOA\include\unit.php --> mail1 /var/www/html/mail1/postaci/volfova/ISOA/include unit.php
2002.10.29 10:30 B H:\HOME\www\ISOA\ISOA\include\unit.php --> mail1 /var/www/html/mail1/postaci/volfova/ISOA/include unit.php
2002.10.29 10:30 B H:\HOME\www\ISOA\ISOA\include\unit.php --> mail1 /var/www/html/mail1/postaci/volfova/ISOA/include unit.php
2002.10.29 10:34 B H:\HOME\www\ISOA\ISOA\include\unit.php --> mail1 /var/www/html/mail1/postaci/volfova/ISOA/include unit.php
2002.10.29 10:35 B H:\HOME\www\ISOA\ISOA\include\unit.php --> mail1 /var/www/html/mail1/postaci/volfova/ISOA/include unit.php
2002.10.29 10:36 B H:\HOME\www\ISOA\ISOA\include\unit.php --> mail1 /var/www/html/mail1/postaci/volfova/ISOA/include unit.php
2002.10.29 10:38 B H:\HOME\www\ISOA\ISOA\include\unit.php --> mail1 /var/www/html/mail1/postaci/volfova/ISOA/include unit.php
2002.10.29 10:43 B H:\HOME\www\ISOA\ISOA\include\unit.php --> mail1 /var/www/html/mail1/postaci/volfova/ISOA/include unit.php
2002.10.29 10:56 B H:\HOME\www\ISOA\ISOA\include\unit.php --> mail1 /var/www/html/mail1/postaci/volfova/ISOA/include unit.php
2002.10.29 10:58 B H:\HOME\www\ISOA\ISOA\include\unit.php --> mail1 /var/www/html/mail1/postaci/volfova/ISOA/include unit.php
2002.10.29 11:01 B H:\HOME\www\ISOA\ISOA\include\unit.php --> mail1 /var/www/html/mail1/postaci/volfova/ISOA/include unit.php
2002.10.29 11:11 B H:\HOME\www\ISOA\ISOA\include\unit.php --> mail1 /var/www/html/mail1/postaci/volfova/ISOA/include unit.php
2002.10.29 11:15 B H:\HOME\www\ISOA\ISOA\include\unit.php --> mail1 /var/www/html/mail1/postaci/volfova/ISOA/include unit.php
2002.10.29 11:16 B H:\HOME\www\ISOA\ISOA\include\unit.php --> mail1 /var/www/html/mail1/postaci/volfova/ISOA/include unit.php
2002.10.29 11:16 B H:\HOME\www\ISOA\ISOA\include\unit.php --> mail1 /var/www/html/mail1/postaci/volfova/ISOA/include unit.php
2002.10.29 11:19 B H:\HOME\www\ISOA\ISOA\include\unit.php --> mail1 /var/www/html/mail1/postaci/volfova/ISOA/include unit.php
2002.10.29 11:26 B H:\HOME\www\ISOA\ISOA\include\unit.php --> mail1 /var/www/html/mail1/postaci/volfova/ISOA/include unit.php
2002.10.29 11:49 B H:\HOME\www\ISOA\ISOA\include\unit.php --> mail1 /var/www/html/mail1/postaci/volfova/ISOA/include unit.php
2002.10.29 11:49 B H:\HOME\www\ISOA\ISOA\include\unit.php --> mail1 /var/www/html/mail1/postaci/volfova/ISOA/include unit.php
2002.10.29 11:50 B H:\HOME\www\ISOA\ISOA\include\unit.php --> mail1 /var/www/html/mail1/postaci/volfova/ISOA/include unit.php
2002.10.29 11:51 B H:\HOME\www\ISOA\ISOA\include\unit.php --> mail1 /var/www/html/mail1/postaci/volfova/ISOA/include unit.php
2002.10.29 11:51 B H:\HOME\www\ISOA\ISOA\include\unit.php --> mail1 /var/www/html/mail1/postaci/volfova/ISOA/include unit.php
2002.10.29 11:58 B H:\HOME\www\ISOA\ISOA\include\unit.php --> mail1 /var/www/html/mail1/postaci/volfova/ISOA/include unit.php
2002.10.29 12:01 B H:\HOME\www\ISOA\ISOA\include\unit.php --> mail1 /var/www/html/mail1/postaci/volfova/ISOA/include unit.php
2002.10.29 12:02 B H:\HOME\www\ISOA\ISOA\include\unit.php --> mail1 /var/www/html/mail1/postaci/volfova/ISOA/include unit.php
2002.10.29 12:02 B H:\HOME\www\ISOA\ISOA\include\unit.php --> mail1 /var/www/html/mail1/postaci/volfova/ISOA/include unit.php
2002.10.29 12:03 B H:\HOME\www\ISOA\ISOA\include\unit.php --> mail1 /var/www/html/mail1/postaci/volfova/ISOA/include unit.php
2002.10.29 12:03 B H:\HOME\www\ISOA\ISOA\include\unit.php --> mail1 /var/www/html/mail1/postaci/volfova/ISOA/include unit.php
2002.10.29 12:05 B H:\HOME\www\ISOA\ISOA\include\unit.php --> mail1 /var/www/html/mail1/postaci/volfova/ISOA/include unit.php
2002.10.29 12:06 B H:\HOME\www\ISOA\ISOA\include\unit.php --> mail1 /var/www/html/mail1/postaci/volfova/ISOA/include unit.php
2002.10.29 12:07 B H:\HOME\www\ISOA\ISOA\include\unit.php --> mail1 /var/www/html/mail1/postaci/volfova/ISOA/include unit.php
2002.10.29 12:09 B H:\HOME\www\ISOA\ISOA\include\unit.php --> mail1 /var/www/html/mail1/postaci/volfova/ISOA/include unit.php
2002.10.29 12:11 B H:\HOME\www\ISOA\ISOA\include\unit.php --> mail1 /var/www/html/mail1/postaci/volfova/ISOA/include unit.php
2002.10.29 12:13 B H:\HOME\www\ISOA\ISOA\include\unit.php --> mail1 /var/www/html/mail1/postaci/volfova/ISOA/include unit.php
2002.10.29 12:14 B H:\HOME\www\ISOA\ISOA\include\unit.php --> mail1 /var/www/html/mail1/postaci/volfova/ISOA/include unit.php
2002.10.29 12:15 B H:\HOME\www\ISOA\ISOA\include\unit.php --> mail1 /var/www/html/mail1/postaci/volfova/ISOA/include unit.php
2002.10.29 12:16 B H:\HOME\www\ISOA\ISOA\include\unit.php --> mail1 /var/www/html/mail1/postaci/volfova/ISOA/include unit.php
2002.10.29 12:17 B H:\HOME\www\ISOA\ISOA\include\unit.php --> mail1 /var/www/html/mail1/postaci/volfova/ISOA/include unit.php
2002.10.29 12:17 B H:\HOME\www\ISOA\ISOA\include\unit.php --> mail1 /var/www/html/mail1/postaci/volfova/ISOA/include unit.php
2002.10.29 12:18 B H:\HOME\www\ISOA\ISOA\include\unit.php --> mail1 /var/www/html/mail1/postaci/volfova/ISOA/include unit.php
2002.10.29 12:30 B H:\HOME\www\ISOA\ISOA\include\unit.php --> mail1 /var/www/html/mail1/postaci/volfova/ISOA/include unit.php
2002.10.29 12:31 B H:\HOME\www\ISOA\ISOA\include\unit.php --> mail1 /var/www/html/mail1/postaci/volfova/ISOA/include unit.php
2002.10.29 12:32 B H:\HOME\www\ISOA\ISOA\include\unit.php --> mail1 /var/www/html/mail1/postaci/volfova/ISOA/include unit.php
2002.10.29 12:32 B H:\HOME\www\ISOA\ISOA\include\unit.php --> mail1 /var/www/html/mail1/postaci/volfova/ISOA/include unit.php
2002.10.29 12:32 B H:\HOME\www\ISOA\ISOA\include\unit.php --> mail1 /var/www/html/mail1/postaci/volfova/ISOA/include unit.php
2002.10.29 12:33 B H:\HOME\www\ISOA\ISOA\include\unit.php --> mail1 /var/www/html/mail1/postaci/volfova/ISOA/include unit.php
2002.10.29 12:34 B H:\HOME\www\ISOA\ISOA\include\unit.php --> mail1 /var/www/html/mail1/postaci/volfova/ISOA/include unit.php
2002.10.29 12:35 B H:\HOME\www\ISOA\ISOA\include\unit.php --> mail1 /var/www/html/mail1/postaci/volfova/ISOA/include unit.php
2002.10.29 12:36 B H:\HOME\www\ISOA\ISOA\include\unit.php --> mail1 /var/www/html/mail1/postaci/volfova/ISOA/include unit.php
2002.10.29 13:07 B H:\HOME\www\ISOA\ISOA\include\unit.php --> mail1 /var/www/html/mail1/postaci/volfova/ISOA/include unit.php
2002.10.29 13:08 B H:\HOME\www\ISOA\ISOA\include\unit.php --> mail1 /var/www/html/mail1/postaci/volfova/ISOA/include unit.php
2002.10.29 13:10 B H:\HOME\www\ISOA\ISOA\include\unit.php --> mail1 /var/www/html/mail1/postaci/volfova/ISOA/include unit.php
2002.10.29 13:11 B H:\HOME\www\ISOA\ISOA\include\unit.php --> mail1 /var/www/html/mail1/postaci/volfova/ISOA/include unit.php
2002.10.29 13:13 B H:\HOME\www\ISOA\ISOA\include\unit.php --> mail1 /var/www/html/mail1/postaci/volfova/ISOA/include unit.php
2002.10.29 13:14 B H:\HOME\www\ISOA\ISOA\include\unit.php --> mail1 /var/www/html/mail1/postaci/volfova/ISOA/include unit.php
2002.10.29 13:17 B H:\HOME\www\ISOA\ISOA\include\unit.php --> mail1 /var/www/html/mail1/postaci/volfova/ISOA/include unit.php
2002.10.29 13:17 B H:\HOME\www\ISOA\ISOA\include\unit.php --> mail1 /var/www/html/mail1/postaci/volfova/ISOA/include unit.php
2002.10.29 13:19 B H:\HOME\www\ISOA\ISOA\include\unit.php --> mail1 /var/www/html/mail1/postaci/volfova/ISOA/include unit.php
2002.10.29 14:38 B H:\HOME\www\ISOA\ISOA\include\unit.php --> mail1 /var/www/html/mail1/postaci/volfova/ISOA/include unit.php
2002.10.31 09:07 B H:\HOME\www\ISOA\ISOA\include\unit.php <-- mail /var/www/html/mail1/postaci/volfova/ISOA/include unit.php
2002.10.31 09:12 B H:\HOME\www\ISOA\ISOA\include\unit.php --> mail1 /var/www/html/mail1/postaci/volfova/ISOA/include unit.php
2002.10.31 09:32 B H:\HOME\www\ISOA\ISOA\include\unit.php --> mail1 /var/www/html/mail1/postaci/volfova/ISOA/include unit.php
2002.10.31 09:42 B H:\HOME\www\ISOA\ISOA\include\unit.php --> mail1 /var/www/html/mail1/postaci/volfova/ISOA/include unit.php
2002.10.31 09:43 B H:\HOME\www\ISOA\ISOA\include\unit.php --> mail1 /var/www/html/mail1/postaci/volfova/ISOA/include unit.php
2002.10.31 09:45 B H:\HOME\www\ISOA\ISOA\include\unit.php --> mail1 /var/www/html/mail1/postaci/volfova/ISOA/include unit.php
2002.10.31 09:49 B H:\HOME\www\ISOA\ISOA\include\unit.php --> mail1 /var/www/html/mail1/postaci/volfova/ISOA/include unit.php
2002.10.31 09:49 B H:\HOME\www\ISOA\ISOA\include\unit.php --> mail1 /var/www/html/mail1/postaci/volfova/ISOA/include unit.php
2002.10.31 09:50 B H:\HOME\www\ISOA\ISOA\include\unit.php --> mail1 /var/www/html/mail1/postaci/volfova/ISOA/include unit.php
2002.10.31 09:51 B H:\HOME\www\ISOA\ISOA\include\unit.php --> mail1 /var/www/html/mail1/postaci/volfova/ISOA/include unit.php
2002.10.31 09:51 B H:\HOME\www\ISOA\ISOA\include\unit.php --> mail1 /var/www/html/mail1/postaci/volfova/ISOA/include unit.php
2002.10.31 10:01 B H:\HOME\www\ISOA\ISOA\include\unit.php --> mail1 /var/www/html/mail1/postaci/volfova/ISOA/include unit.php
2002.10.31 10:01 B H:\HOME\www\ISOA\ISOA\include\unit.php --> mail1 /var/www/html/mail1/postaci/volfova/ISOA/include unit.php
2002.10.31 10:02 B H:\HOME\www\ISOA\ISOA\include\unit.php --> mail1 /var/www/html/mail1/postaci/volfova/ISOA/include unit.php
2002.10.31 10:03 B H:\HOME\www\ISOA\ISOA\include\unit.php --> mail1 /var/www/html/mail1/postaci/volfova/ISOA/include unit.php
2002.10.31 10:04 B H:\HOME\www\ISOA\ISOA\include\unit.php --> mail1 /var/www/html/mail1/postaci/volfova/ISOA/include unit.php
2002.10.31 10:05 B H:\HOME\www\ISOA\ISOA\include\unit.php --> mail1 /var/www/html/mail1/postaci/volfova/ISOA/include unit.php
2002.10.31 10:06 B H:\HOME\www\ISOA\ISOA\include\unit.php --> mail1 /var/www/html/mail1/postaci/volfova/ISOA/include unit.php
2002.10.31 14:38 B H:\HOME\www\ISOA\ISOA\include\unit.php --> mail1 /var/www/html/mail1/postaci/volfova/ISOA/include unit.php
2002.10.31 14:54 B H:\HOME\www\ISOA\ISOA\include\unit.php --> mail1 /var/www/html/mail1/postaci/volfova/ISOA/include unit.php
2002.10.31 16:46 B H:\HOME\www\ISOA\ISOA\include\unit.php --> mail1 /var/www/html/mail1/postaci/volfova/ISOA/include unit.php
2002.10.31 16:47 B H:\HOME\www\ISOA\ISOA\include\unit.php --> mail1 /var/www/html/mail1/postaci/volfova/ISOA/include unit.php
2002.10.31 16:54 B H:\HOME\www\ISOA\ISOA\include\unit.php --> mail1 /var/www/html/mail1/postaci/volfova/ISOA/include unit.php
2002.11.01 11:52 B H:\HOME\www\ISOA\ISOA\include\unit.php --> mail1 /var/www/html/mail1/postaci/volfova/ISOA/include unit.php
2002.11.01 11:53 B H:\HOME\www\ISOA\ISOA\include\unit.php --> mail1 /var/www/html/mail1/postaci/volfova/ISOA/include unit.php
2002.11.01 11:53 B H:\HOME\www\ISOA\ISOA\include\unit.php --> mail1 /var/www/html/mail1/postaci/volfova/ISOA/include unit.php
2002.11.01 12:02 B H:\HOME\www\ISOA\ISOA\include\unit.php --> mail1 /var/www/html/mail1/postaci/volfova/ISOA/include unit.php
2002.11.01 12:04 B H:\HOME\www\ISOA\ISOA\include\unit.php --> mail1 /var/www/html/mail1/postaci/volfova/ISOA/include unit.php
2002.11.01 12:11 B H:\HOME\www\ISOA\ISOA\include\unit.php --> mail1 /var/www/html/mail1/postaci/volfova/ISOA/include unit.php
2002.11.01 12:13 B H:\HOME\www\ISOA\ISOA\include\unit.php --> mail1 /var/www/html/mail1/postaci/volfova/ISOA/include unit.php
2002.11.01 12:14 B H:\HOME\www\ISOA\ISOA\include\unit.php --> mail1 /var/www/html/mail1/postaci/volfova/ISOA/include unit.php
2002.11.01 12:15 B H:\HOME\www\ISOA\ISOA\include\unit.php --> mail1 /var/www/html/mail1/postaci/volfova/ISOA/include unit.php
2002.11.01 12:16 B H:\HOME\www\ISOA\ISOA\include\unit.php --> mail1 /var/www/html/mail1/postaci/volfova/ISOA/include unit.php
2002.11.01 12:16 B H:\HOME\www\ISOA\ISOA\include\unit.php --> mail1 /var/www/html/mail1/postaci/volfova/ISOA/include unit.php
2002.11.01 12:23 B H:\HOME\www\ISOA\ISOA\include\unit.php --> mail1 /var/www/html/mail1/postaci/volfova/ISOA/include unit.php
2002.11.01 12:24 B H:\HOME\www\ISOA\ISOA\include\unit.php --> mail1 /var/www/html/mail1/postaci/volfova/ISOA/include unit.php
2002.11.01 12:27 B H:\HOME\www\ISOA\ISOA\include\unit.php --> mail1 /var/www/html/mail1/postaci/volfova/ISOA/include unit.php
2002.11.01 12:29 B H:\HOME\www\ISOA\ISOA\include\unit.php --> mail1 /var/www/html/mail1/postaci/volfova/ISOA/include unit.php
2002.11.01 13:19 B H:\HOME\www\ISOA\ISOA\include\unit.php --> mail1 /var/www/html/mail1/postaci/volfova/ISOA/include unit.php
2002.11.01 13:20 B H:\HOME\www\ISOA\ISOA\include\unit.php --> mail1 /var/www/html/mail1/postaci/volfova/ISOA/include unit.php
2002.11.01 13:21 B H:\HOME\www\ISOA\ISOA\include\unit.php --> mail1 /var/www/html/mail1/postaci/volfova/ISOA/include unit.php
2002.11.01 13:23 B H:\HOME\www\ISOA\ISOA\include\unit.php --> mail1 /var/www/html/mail1/postaci/volfova/ISOA/include unit.php
2002.11.01 13:25 B H:\HOME\www\ISOA\ISOA\include\unit.php --> mail1 /var/www/html/mail1/postaci/volfova/ISOA/include unit.php
2002.11.01 13:26 B H:\HOME\www\ISOA\ISOA\include\unit.php --> mail1 /var/www/html/mail1/postaci/volfova/ISOA/include unit.php
2002.11.01 13:27 B H:\HOME\www\ISOA\ISOA\include\unit.php --> mail1 /var/www/html/mail1/postaci/volfova/ISOA/include unit.php
2002.11.01 13:27 B H:\HOME\www\ISOA\ISOA\include\unit.php --> mail1 /var/www/html/mail1/postaci/volfova/ISOA/include unit.php
2002.11.01 13:28 B H:\HOME\www\ISOA\ISOA\include\unit.php --> mail1 /var/www/html/mail1/postaci/volfova/ISOA/include unit.php
2002.11.01 13:29 B H:\HOME\www\ISOA\ISOA\include\unit.php --> mail1 /var/www/html/mail1/postaci/volfova/ISOA/include unit.php
2002.11.01 13:34 B H:\HOME\www\ISOA\ISOA\include\unit.php --> mail1 /var/www/html/mail1/postaci/volfova/ISOA/include unit.php
2002.11.01 13:39 B H:\HOME\www\ISOA\ISOA\include\unit.php --> mail1 /var/www/html/mail1/postaci/volfova/ISOA/include unit.php
2002.11.01 13:59 B H:\HOME\www\ISOA\ISOA\include\unit.php --> mail1 /var/www/html/mail1/postaci/volfova/ISOA/include unit.php
2002.11.01 14:04 B H:\HOME\www\ISOA\ISOA\include\unit.php --> mail1 /var/www/html/mail1/postaci/volfova/ISOA/include unit.php
2002.11.01 14:04 B H:\HOME\www\ISOA\ISOA\include\unit.php --> mail1 /var/www/html/mail1/postaci/volfova/ISOA/include unit.php
2002.11.01 14:06 B H:\HOME\www\ISOA\ISOA\include\unit.php --> mail1 /var/www/html/mail1/postaci/volfova/ISOA/include unit.php
2002.11.01 14:08 B H:\HOME\www\ISOA\ISOA\include\unit.php --> mail1 /var/www/html/mail1/postaci/volfova/ISOA/include unit.php
2002.11.13 14:35 B H:\HOME\www\volfova\isoa\include\ws_ftp.log --> mail1 /var/www/html/mail1/postaci/volfova/ISOA_pom/include ws_ftp.log
2002.11.13 14:35 B H:\HOME\www\volfova\isoa\include\unit.php0 --> mail1 /var/www/html/mail1/postaci/volfova/ISOA_pom/include unit.php0
2002.11.13 14:35 B H:\HOME\www\volfova\isoa\include\unit.php --> mail1 /var/www/html/mail1/postaci/volfova/ISOA_pom/include unit.php
2002.11.13 14:35 B H:\HOME\www\volfova\isoa\include\unit.bak --> mail1 /var/www/html/mail1/postaci/volfova/ISOA_pom/include unit.bak
2002.11.13 14:49 B H:\HOME\www\volfova\isoa\include\unit.php --> mail1 /var/www/html/mail1/postaci/volfova/ISOA_pom/include unit.php
2002.11.13 14:50 B H:\HOME\www\volfova\isoa\include\unit.php --> mail1 /var/www/html/mail1/postaci/volfova/ISOA_pom/include unit.php
2002.11.13 14:50 B H:\HOME\www\volfova\isoa\include\unit.php --> mail1 /var/www/html/mail1/postaci/volfova/ISOA_pom/include unit.php
2002.11.13 14:51 B H:\HOME\www\volfova\isoa\include\unit.php --> mail1 /var/www/html/mail1/postaci/volfova/ISOA_pom/include unit.php
2002.11.13 14:51 B H:\HOME\www\volfova\isoa\include\unit.php --> mail1 /var/www/html/mail1/postaci/volfova/ISOA_pom/include unit.php
2002.11.13 14:54 B H:\HOME\www\volfova\isoa\include\unit.php --> mail1 /var/www/html/mail1/postaci/volfova/ISOA_pom/include unit.php
2002.11.13 15:03 B H:\HOME\www\volfova\isoa\include\unit.php --> mail1 /var/www/html/mail1/postaci/volfova/ISOA_pom/include unit.php
2002.11.13 15:05 B H:\HOME\www\volfova\isoa\include\unit.php --> mail1 /var/www/html/mail1/postaci/volfova/ISOA_pom/include unit.php
2002.11.13 15:06 B H:\HOME\www\volfova\isoa\include\unit.php --> mail1 /var/www/html/mail1/postaci/volfova/ISOA_pom/include unit.php
2002.11.13 15:06 B H:\HOME\www\volfova\isoa\include\unit.php --> mail1 /var/www/html/mail1/postaci/volfova/ISOA_pom/include unit.php
2002.11.13 15:07 B H:\HOME\www\volfova\isoa\include\unit.php --> mail1 /var/www/html/mail1/postaci/volfova/ISOA_pom/include unit.php
2002.11.13 15:10 B H:\HOME\www\volfova\isoa\include\unit.php --> mail1 /var/www/html/mail1/postaci/volfova/ISOA_pom/include unit.php
2002.11.13 15:10 B H:\HOME\www\volfova\isoa\include\unit.php --> mail1 /var/www/html/mail1/postaci/volfova/ISOA_pom/include unit.php
2002.11.13 15:11 B H:\HOME\www\volfova\isoa\include\unit.php --> mail1 /var/www/html/mail1/postaci/volfova/ISOA_pom/include unit.php
2002.11.13 15:12 B H:\HOME\www\volfova\isoa\include\unit.php --> mail1 /var/www/html/mail1/postaci/volfova/ISOA_pom/include unit.php
2002.11.13 15:12 B H:\HOME\www\volfova\isoa\include\unit.php --> mail1 /var/www/html/mail1/postaci/volfova/ISOA_pom/include unit.php
2002.11.13 15:13 B H:\HOME\www\volfova\isoa\include\unit.php --> mail1 /var/www/html/mail1/postaci/volfova/ISOA_pom/include unit.php
2002.11.13 15:14 B H:\HOME\www\volfova\isoa\include\unit.php --> mail1 /var/www/html/mail1/postaci/volfova/ISOA_pom/include unit.php
2002.11.13 15:14 B H:\HOME\www\volfova\isoa\include\unit.php --> mail1 /var/www/html/mail1/postaci/volfova/ISOA_pom/include unit.php
2002.11.13 15:15 B H:\HOME\www\volfova\isoa\include\unit.php --> mail1 /var/www/html/mail1/postaci/volfova/ISOA_pom/include unit.php
2002.11.13 15:15 B H:\HOME\www\volfova\isoa\include\unit.php --> mail1 /var/www/html/mail1/postaci/volfova/ISOA_pom/include unit.php
2002.11.13 15:16 B H:\HOME\www\volfova\isoa\include\unit.php --> mail1 /var/www/html/mail1/postaci/volfova/ISOA_pom/include unit.php
2002.11.13 15:16 B H:\HOME\www\volfova\isoa\include\unit.php --> mail1 /var/www/html/mail1/postaci/volfova/ISOA_pom/include unit.php
2002.11.13 15:16 B H:\HOME\www\volfova\isoa\include\unit.php --> mail1 /var/www/html/mail1/postaci/volfova/ISOA_pom/include unit.php
2002.11.13 15:17 B H:\HOME\www\volfova\isoa\include\unit.php --> mail1 /var/www/html/mail1/postaci/volfova/ISOA_pom/include unit.php
2002.11.13 15:18 B H:\HOME\www\volfova\isoa\include\unit.php --> mail1 /var/www/html/mail1/postaci/volfova/ISOA_pom/include unit.php
2002.11.13 15:23 B H:\HOME\www\volfova\isoa\include\unit.php --> mail1 /var/www/html/mail1/postaci/volfova/ISOA_pom/include unit.php
2002.11.13 15:28 B H:\HOME\www\volfova\isoa\include\unit.php --> mail1 /var/www/html/mail1/postaci/volfova/ISOA_pom/include unit.php
2002.11.13 15:29 B H:\HOME\www\volfova\isoa\include\unit.php --> mail1 /var/www/html/mail1/postaci/volfova/ISOA_pom/include unit.php
2002.11.13 15:30 B H:\HOME\www\volfova\isoa\include\unit.php --> mail1 /var/www/html/mail1/postaci/volfova/ISOA_pom/include unit.php
2002.11.13 15:33 B H:\HOME\www\volfova\isoa\include\unit.php --> mail1 /var/www/html/mail1/postaci/volfova/ISOA_pom/include unit.php
2002.11.13 15:40 B H:\HOME\www\volfova\isoa\include\unit.php --> mail1 /var/www/html/mail1/postaci/volfova/ISOA_pom/include unit.php
2002.11.13 15:41 B H:\HOME\www\volfova\isoa\include\unit.php --> mail1 /var/www/html/mail1/postaci/volfova/ISOA_pom/include unit.php
2002.11.13 17:33 B H:\HOME\www\volfova\isoa\include\unit.php --> mail1 /var/www/html/mail1/postaci/volfova/ISOA_pom/include unit.php
2002.11.14 08:51 B H:\HOME\www\volfova\isoa\include\unit.php --> mail1 /var/www/html/mail1/postaci/volfova/ISOA_pom/include unit.php
2002.11.14 08:52 B H:\HOME\www\volfova\isoa\include\unit.php --> mail1 /var/www/html/mail1/postaci/volfova/ISOA_pom/include unit.php
2002.11.14 08:52 B H:\HOME\www\volfova\isoa\include\unit.php --> mail1 /var/www/html/mail1/postaci/volfova/ISOA_pom/include unit.php
2002.11.14 08:53 B H:\HOME\www\volfova\isoa\include\unit.php --> mail1 /var/www/html/mail1/postaci/volfova/ISOA_pom/include unit.php
2002.11.14 08:53 B H:\HOME\www\volfova\isoa\include\unit.php --> mail1 /var/www/html/mail1/postaci/volfova/ISOA_pom/include unit.php
2002.11.14 08:54 B H:\HOME\www\volfova\isoa\include\unit.php --> mail1 /var/www/html/mail1/postaci/volfova/ISOA_pom/include unit.php
2002.11.14 08:54 B H:\HOME\www\volfova\isoa\include\unit.php --> mail1 /var/www/html/mail1/postaci/volfova/ISOA_pom/include unit.php
2002.11.14 08:55 B H:\HOME\www\volfova\isoa\include\unit.php --> mail1 /var/www/html/mail1/postaci/volfova/ISOA_pom/include unit.php
2002.11.14 08:59 B H:\HOME\www\volfova\isoa\include\unit.php --> mail1 /var/www/html/mail1/postaci/volfova/ISOA_pom/include unit.php
2002.11.14 09:03 B H:\HOME\www\volfova\isoa\include\unit.php --> mail1 /var/www/html/mail1/postaci/volfova/ISOA_pom/include unit.php
2002.11.14 09:03 B H:\HOME\www\volfova\isoa\include\unit.php --> mail1 /var/www/html/mail1/postaci/volfova/ISOA_pom/include unit.php
2002.11.14 09:33 B H:\HOME\www\volfova\isoa\include\unit.php --> mail1 /var/www/html/mail1/postaci/volfova/ISOA_pom/include unit.php
2002.11.14 09:33 B H:\HOME\www\volfova\isoa\include\unit.bak --> mail1 /var/www/html/mail1/postaci/volfova/ISOA_pom/include unit.bak
2002.11.14 09:50 B H:\HOME\www\volfova\isoa\include\unit.php --> mail1 /var/www/html/mail1/postaci/volfova/ISOA_pom/include unit.php
2002.11.14 09:52 B H:\HOME\www\volfova\isoa\include\unit.php --> mail1 /var/www/html/mail1/postaci/volfova/ISOA_pom/include unit.php
2002.11.14 09:53 B H:\HOME\www\volfova\isoa\include\unit.php --> mail1 /var/www/html/mail1/postaci/volfova/ISOA_pom/include unit.php
2002.11.14 09:53 B H:\HOME\www\volfova\isoa\include\unit.php --> mail1 /var/www/html/mail1/postaci/volfova/ISOA_pom/include unit.php
2002.11.14 09:54 B H:\HOME\www\volfova\isoa\include\unit.php --> mail1 /var/www/html/mail1/postaci/volfova/ISOA_pom/include unit.php
2002.11.14 09:55 B H:\HOME\www\volfova\isoa\include\unit.php --> mail1 /var/www/html/mail1/postaci/volfova/ISOA_pom/include unit.php
2002.11.14 09:55 B H:\HOME\www\volfova\isoa\include\unit.php --> mail1 /var/www/html/mail1/postaci/volfova/ISOA_pom/include unit.php
2002.11.14 09:56 B H:\HOME\www\volfova\isoa\include\unit.php --> mail1 /var/www/html/mail1/postaci/volfova/ISOA_pom/include unit.php
2002.11.14 09:56 B H:\HOME\www\volfova\isoa\include\unit.php --> mail1 /var/www/html/mail1/postaci/volfova/ISOA_pom/include unit.php
2002.11.14 09:56 B H:\HOME\www\volfova\isoa\include\unit.php --> mail1 /var/www/html/mail1/postaci/volfova/ISOA_pom/include unit.php
2002.11.14 09:57 B H:\HOME\www\volfova\isoa\include\unit.php --> mail1 /var/www/html/mail1/postaci/volfova/ISOA_pom/include unit.php
2002.11.14 09:57 B H:\HOME\www\volfova\isoa\include\unit.php --> mail1 /var/www/html/mail1/postaci/volfova/ISOA_pom/include unit.php
2002.11.14 09:58 B H:\HOME\www\volfova\isoa\include\unit.php --> mail1 /var/www/html/mail1/postaci/volfova/ISOA_pom/include unit.php
2002.11.14 10:03 B H:\HOME\www\volfova\isoa\include\unit.php --> mail1 /var/www/html/mail1/postaci/volfova/ISOA_pom/include unit.php
2002.11.14 10:03 B H:\HOME\www\volfova\isoa\include\unit.php --> mail1 /var/www/html/mail1/postaci/volfova/ISOA_pom/include unit.php
2002.11.14 10:04 B H:\HOME\www\volfova\isoa\include\unit.php --> mail1 /var/www/html/mail1/postaci/volfova/ISOA_pom/include unit.php
2002.11.14 10:27 B H:\HOME\www\volfova\isoa\include\unit.php --> mail1 /var/www/html/mail1/postaci/volfova/ISOA_pom/include unit.php
2002.11.14 11:47 B H:\HOME\www\volfova\isoa\include\unit.php --> mail1 /var/www/html/mail1/postaci/volfova/ISOA_pom/include unit.php
2002.11.14 11:55 B H:\HOME\www\volfova\isoa\include\unit.php --> mail1 /var/www/html/mail1/postaci/volfova/ISOA_pom/include unit.php
2002.11.14 11:55 B H:\HOME\www\volfova\isoa\include\unit.bak --> mail1 /var/www/html/mail1/postaci/volfova/ISOA_pom/include unit.bak
2002.11.14 14:44 B H:\HOME\www\volfova\isoa\include\unit.php --> mail1 /var/www/html/mail1/postaci/volfova/ISOA_pom/include unit.php
2002.11.14 14:44 B H:\HOME\www\volfova\isoa\include\odkazy.php --> mail1 /var/www/html/mail1/postaci/volfova/ISOA_pom/include odkazy.php
2002.11.14 14:45 B H:\HOME\www\volfova\isoa\include\unit.php --> mail1 /var/www/html/mail1/postaci/volfova/ISOA_pom/include unit.php
2002.11.14 14:46 B H:\HOME\www\volfova\isoa\include\unit.php --> mail1 /var/www/html/mail1/postaci/volfova/ISOA_pom/include unit.php
2002.11.14 14:47 B H:\HOME\www\volfova\isoa\include\unit.php --> mail1 /var/www/html/mail1/postaci/volfova/ISOA_pom/include unit.php
2002.11.14 14:48 B H:\HOME\www\volfova\isoa\include\unit.php --> mail1 /var/www/html/mail1/postaci/volfova/ISOA_pom/include unit.php
2002.11.14 14:49 B H:\HOME\www\volfova\isoa\include\unit.php --> mail1 /var/www/html/mail1/postaci/volfova/ISOA_pom/include unit.php
2002.11.14 14:57 B H:\HOME\www\volfova\isoa\include\unit.php --> mail1 /var/www/html/mail1/postaci/volfova/ISOA_pom/include unit.php
2002.11.14 15:01 B H:\HOME\www\volfova\isoa\include\unit.php --> mail1 /var/www/html/mail1/postaci/volfova/ISOA_pom/include unit.php
2002.11.14 15:02 B H:\HOME\www\volfova\isoa\include\unit.php --> mail1 /var/www/html/mail1/postaci/volfova/ISOA_pom/include unit.php
2002.11.14 15:02 B H:\HOME\www\volfova\isoa\include\unit.php --> mail1 /var/www/html/mail1/postaci/volfova/ISOA_pom/include unit.php
2002.11.14 16:41 B H:\HOME\www\volfova\isoa\include\unit.php --> mail1 /var/www/html/mail1/postaci/volfova/ISOA_pom/include unit.php
2002.11.14 16:46 B H:\HOME\www\volfova\isoa\include\unit.php --> mail1 /var/www/html/mail1/postaci/volfova/ISOA_pom/include unit.php
2002.11.14 16:46 B H:\HOME\www\volfova\isoa\include\unit.php --> mail1 /var/www/html/mail1/postaci/volfova/ISOA_pom/include unit.php
2002.11.14 16:47 B H:\HOME\www\volfova\isoa\include\unit.php --> mail1 /var/www/html/mail1/postaci/volfova/ISOA_pom/include unit.php
2002.11.14 16:49 B H:\HOME\www\volfova\isoa\include\odkazy.php --> mail1 /var/www/html/mail1/postaci/volfova/ISOA_pom/include odkazy.php
2002.11.14 16:49 B H:\HOME\www\volfova\isoa\include\odkazy.php --> mail1 /var/www/html/mail1/postaci/volfova/ISOA_pom/include odkazy.php
2002.11.14 16:50 B H:\HOME\www\volfova\isoa\include\odkazy.php --> mail1 /var/www/html/mail1/postaci/volfova/ISOA_pom/include odkazy.php
2002.11.14 16:50 B H:\HOME\www\volfova\isoa\include\unit.php --> mail1 /var/www/html/mail1/postaci/volfova/ISOA_pom/include unit.php
2002.11.14 16:50 B H:\HOME\www\volfova\isoa\include\odkazy.php --> mail1 /var/www/html/mail1/postaci/volfova/ISOA_pom/include odkazy.php
2002.11.14 16:50 B H:\HOME\www\volfova\isoa\include\odkazy.php --> mail1 /var/www/html/mail1/postaci/volfova/ISOA_pom/include odkazy.php
2002.11.14 16:53 B H:\HOME\www\volfova\isoa\include\unit.php --> mail1 /var/www/html/mail1/postaci/volfova/ISOA_pom/include unit.php
2002.11.14 16:53 B H:\HOME\www\volfova\isoa\include\odkazy.php --> mail1 /var/www/html/mail1/postaci/volfova/ISOA_pom/include odkazy.php
2002.11.14 16:53 B H:\HOME\www\volfova\isoa\include\odkazy.php --> mail1 /var/www/html/mail1/postaci/volfova/ISOA_pom/include odkazy.php
2002.11.14 16:58 B H:\HOME\www\volfova\isoa\include\unit.php --> mail1 /var/www/html/mail1/postaci/volfova/ISOA_pom/include unit.php
2002.11.14 17:00 B H:\HOME\www\volfova\isoa\include\unit.php --> mail1 /var/www/html/mail1/postaci/volfova/ISOA_pom/include unit.php
2002.11.14 17:05 B H:\HOME\www\volfova\isoa\include\unit.php --> mail1 /var/www/html/mail1/postaci/volfova/ISOA_pom/include unit.php
2002.11.14 17:05 B H:\HOME\www\volfova\isoa\include\unit.php --> mail1 /var/www/html/mail1/postaci/volfova/ISOA_pom/include unit.php
2002.11.14 17:06 B H:\HOME\www\volfova\isoa\include\odkazy.php --> mail1 /var/www/html/mail1/postaci/volfova/ISOA_pom/include odkazy.php
2002.11.14 17:24 B H:\HOME\www\volfova\isoa\include\odkazy.php --> mail1 /var/www/html/mail1/postaci/volfova/ISOA_pom/include odkazy.php
2002.11.14 17:24 B H:\HOME\www\volfova\isoa\include\unit.php --> mail1 /var/www/html/mail1/postaci/volfova/ISOA_pom/include unit.php
2002.11.14 17:25 B H:\HOME\www\volfova\isoa\include\odkazy.php --> mail1 /var/www/html/mail1/postaci/volfova/ISOA_pom/include odkazy.php
2002.11.14 17:26 B H:\HOME\www\volfova\isoa\include\odkazy.php --> mail1 /var/www/html/mail1/postaci/volfova/ISOA_pom/include odkazy.php
2002.11.14 17:32 B H:\HOME\www\volfova\isoa\include\odkazy.php --> mail1 /var/www/html/mail1/postaci/volfova/ISOA_pom/include odkazy.php
2002.11.14 17:32 B H:\HOME\www\volfova\isoa\include\unit.php --> mail1 /var/www/html/mail1/postaci/volfova/ISOA_pom/include unit.php
2002.11.14 17:33 B H:\HOME\www\volfova\isoa\include\unit.php --> mail1 /var/www/html/mail1/postaci/volfova/ISOA_pom/include unit.php
2002.11.14 17:34 B H:\HOME\www\volfova\isoa\include\odkazy.php --> mail1 /var/www/html/mail1/postaci/volfova/ISOA_pom/include odkazy.php
2002.11.14 17:37 B H:\HOME\www\volfova\isoa\include\unit.php0 --> mail1 /var/www/html/mail1/postaci/volfova/ISOA_pom/include unit.php0
2002.11.14 17:38 B H:\HOME\www\volfova\isoa\include\odkazy.php --> mail1 /var/www/html/mail1/postaci/volfova/ISOA_pom/include odkazy.php
2002.11.14 17:40 B H:\HOME\www\volfova\isoa\include\odkazy.php --> mail1 /var/www/html/mail1/postaci/volfova/ISOA_pom/include odkazy.php
2002.11.14 17:42 B H:\HOME\www\volfova\isoa\include\unit.php --> mail1 /var/www/html/mail1/postaci/volfova/ISOA_pom/include unit.php
2002.11.14 17:43 B H:\HOME\www\volfova\isoa\include\unit.php --> mail1 /var/www/html/mail1/postaci/volfova/ISOA_pom/include unit.php
2002.11.14 17:43 B H:\HOME\www\volfova\isoa\include\unit.php --> mail1 /var/www/html/mail1/postaci/volfova/ISOA_pom/include unit.php
2002.11.14 17:46 B H:\HOME\www\volfova\isoa\include\unit.php --> mail1 /var/www/html/mail1/postaci/volfova/ISOA_pom/include unit.php
2002.11.14 17:49 B H:\HOME\www\volfova\isoa\include\unit.php --> mail1 /var/www/html/mail1/postaci/volfova/ISOA_pom/include unit.php
2002.11.14 17:50 B H:\HOME\www\volfova\isoa\include\unit.php --> mail1 /var/www/html/mail1/postaci/volfova/ISOA_pom/include unit.php
2002.11.14 17:52 B H:\HOME\www\volfova\isoa\include\unit.php --> mail1 /var/www/html/mail1/postaci/volfova/ISOA_pom/include unit.php
2002.11.14 17:52 B H:\HOME\www\volfova\isoa\include\unit.php --> mail1 /var/www/html/mail1/postaci/volfova/ISOA_pom/include unit.php
2002.11.14 17:54 B H:\HOME\www\volfova\isoa\include\unit.php --> mail1 /var/www/html/mail1/postaci/volfova/ISOA_pom/include unit.php
2002.11.14 17:57 B H:\HOME\www\volfova\isoa\include\unit.php --> mail1 /var/www/html/mail1/postaci/volfova/ISOA_pom/include unit.php
2002.11.14 17:58 B H:\HOME\www\volfova\isoa\include\unit.php --> mail1 /var/www/html/mail1/postaci/volfova/ISOA_pom/include unit.php
2002.11.14 18:00 B H:\HOME\www\volfova\isoa\include\unit.php --> mail1 /var/www/html/mail1/postaci/volfova/ISOA_pom/include unit.php
2002.11.14 18:04 B H:\HOME\www\volfova\isoa\include\unit.php --> mail1 /var/www/html/mail1/postaci/volfova/ISOA_pom/include unit.php
2002.11.14 18:07 B H:\HOME\www\volfova\isoa\include\unit.php --> mail1 /var/www/html/mail1/postaci/volfova/ISOA_pom/include unit.php
2002.11.14 18:08 B H:\HOME\www\volfova\isoa\include\unit.php --> mail1 /var/www/html/mail1/postaci/volfova/ISOA_pom/include unit.php
2002.11.14 18:09 B H:\HOME\www\volfova\isoa\include\unit.php --> mail1 /var/www/html/mail1/postaci/volfova/ISOA_pom/include unit.php
2002.11.14 18:11 B H:\HOME\www\volfova\isoa\include\unit.php --> mail1 /var/www/html/mail1/postaci/volfova/ISOA_pom/include unit.php
2002.11.14 18:12 B H:\HOME\www\volfova\isoa\include\unit.php --> mail1 /var/www/html/mail1/postaci/volfova/ISOA_pom/include unit.php
2002.11.14 18:15 B H:\HOME\www\volfova\isoa\include\odkazy.php --> mail1 /var/www/html/mail1/postaci/volfova/ISOA_pom/include odkazy.php
2002.11.14 18:16 B H:\HOME\www\volfova\isoa\include\unit.php --> mail1 /var/www/html/mail1/postaci/volfova/ISOA_pom/include unit.php
2002.11.14 18:17 B H:\HOME\www\volfova\isoa\include\unit.php --> mail1 /var/www/html/mail1/postaci/volfova/ISOA_pom/include unit.php
2002.11.14 18:18 B H:\HOME\www\volfova\isoa\include\unit.php --> mail1 /var/www/html/mail1/postaci/volfova/ISOA_pom/include unit.php
2002.11.14 18:18 B H:\HOME\www\volfova\isoa\include\unit.php --> mail1 /var/www/html/mail1/postaci/volfova/ISOA_pom/include unit.php
2002.11.14 18:18 B H:\HOME\www\volfova\isoa\include\unit.php --> mail1 /var/www/html/mail1/postaci/volfova/ISOA_pom/include unit.php
2002.11.14 18:19 B H:\HOME\www\volfova\isoa\include\unit.php --> mail1 /var/www/html/mail1/postaci/volfova/ISOA_pom/include unit.php
2002.11.14 18:20 B H:\HOME\www\volfova\isoa\include\unit.php --> mail1 /var/www/html/mail1/postaci/volfova/ISOA_pom/include unit.php
2002.11.14 18:21 B H:\HOME\www\volfova\isoa\include\unit.php --> mail1 /var/www/html/mail1/postaci/volfova/ISOA_pom/include unit.php
2002.11.14 18:22 B H:\HOME\www\volfova\isoa\include\unit.php --> mail1 /var/www/html/mail1/postaci/volfova/ISOA_pom/include unit.php
2002.11.14 18:24 B H:\HOME\www\volfova\isoa\include\unit.php --> mail1 /var/www/html/mail1/postaci/volfova/ISOA_pom/include unit.php
2002.11.14 18:26 B H:\HOME\www\volfova\isoa\include\unit.php --> mail1 /var/www/html/mail1/postaci/volfova/ISOA_pom/include unit.php
2002.11.14 18:27 B H:\HOME\www\volfova\isoa\include\unit.php --> mail1 /var/www/html/mail1/postaci/volfova/ISOA_pom/include unit.php
2002.11.14 18:27 B H:\HOME\www\volfova\isoa\include\unit.php --> mail1 /var/www/html/mail1/postaci/volfova/ISOA_pom/include unit.php
2002.11.14 18:27 B H:\HOME\www\volfova\isoa\include\unit.php --> mail1 /var/www/html/mail1/postaci/volfova/ISOA_pom/include unit.php
2002.11.14 18:27 B H:\HOME\www\volfova\isoa\include\unit.php --> mail1 /var/www/html/mail1/postaci/volfova/ISOA_pom/include unit.php
2002.11.14 18:28 B H:\HOME\www\volfova\isoa\include\unit.php --> mail1 /var/www/html/mail1/postaci/volfova/ISOA_pom/include unit.php
2002.11.14 18:28 B H:\HOME\www\volfova\isoa\include\unit.php --> mail1 /var/www/html/mail1/postaci/volfova/ISOA_pom/include unit.php
2002.11.14 18:28 B H:\HOME\www\volfova\isoa\include\unit.php --> mail1 /var/www/html/mail1/postaci/volfova/ISOA_pom/include unit.php
2002.11.14 18:30 B H:\HOME\www\volfova\isoa\include\odkazy.php --> mail1 /var/www/html/mail1/postaci/volfova/ISOA_pom/include odkazy.php
2002.11.14 18:30 B H:\HOME\www\volfova\isoa\include\odkazy.php --> mail1 /var/www/html/mail1/postaci/volfova/ISOA_pom/include odkazy.php
2002.11.14 18:30 B H:\HOME\www\volfova\isoa\include\odkazy.php --> mail1 /var/www/html/mail1/postaci/volfova/ISOA_pom/include odkazy.php
2002.11.14 18:31 B H:\HOME\www\volfova\isoa\include\unit.php --> mail1 /var/www/html/mail1/postaci/volfova/ISOA_pom/include unit.php
2002.11.14 18:32 B H:\HOME\www\volfova\isoa\include\unit.php --> mail1 /var/www/html/mail1/postaci/volfova/ISOA_pom/include unit.php
2002.11.14 18:33 B H:\HOME\www\volfova\isoa\include\unit.php --> mail1 /var/www/html/mail1/postaci/volfova/ISOA_pom/include unit.php
2002.11.14 18:33 B H:\HOME\www\volfova\isoa\include\unit.php --> mail1 /var/www/html/mail1/postaci/volfova/ISOA_pom/include unit.php
2002.11.14 18:35 B H:\HOME\www\volfova\isoa\include\unit.php --> mail1 /var/www/html/mail1/postaci/volfova/ISOA_pom/include unit.php
2002.11.14 18:35 B H:\HOME\www\volfova\isoa\include\unit.php --> mail1 /var/www/html/mail1/postaci/volfova/ISOA_pom/include unit.php
2002.11.14 18:35 B H:\HOME\www\volfova\isoa\include\unit.php --> mail1 /var/www/html/mail1/postaci/volfova/ISOA_pom/include unit.php
2002.11.14 18:36 B H:\HOME\www\volfova\isoa\include\unit.php --> mail1 /var/www/html/mail1/postaci/volfova/ISOA_pom/include unit.php
2002.11.14 18:37 B H:\HOME\www\volfova\isoa\include\unit.php --> mail1 /var/www/html/mail1/postaci/volfova/ISOA_pom/include unit.php
2002.11.14 18:38 B H:\HOME\www\volfova\isoa\include\unit.php --> mail1 /var/www/html/mail1/postaci/volfova/ISOA_pom/include unit.php
2002.11.14 18:39 B H:\HOME\www\volfova\isoa\include\unit.php --> mail1 /var/www/html/mail1/postaci/volfova/ISOA_pom/include unit.php
2002.11.14 18:40 B H:\HOME\www\volfova\isoa\include\unit.php --> mail1 /var/www/html/mail1/postaci/volfova/ISOA_pom/include unit.php
2002.11.14 18:40 B H:\HOME\www\volfova\isoa\include\unit.php --> mail1 /var/www/html/mail1/postaci/volfova/ISOA_pom/include unit.php
2002.11.14 18:41 B H:\HOME\www\volfova\isoa\include\unit.php --> mail1 /var/www/html/mail1/postaci/volfova/ISOA_pom/include unit.php
2002.11.14 18:42 B H:\HOME\www\volfova\isoa\include\unit.php --> mail1 /var/www/html/mail1/postaci/volfova/ISOA_pom/include unit.php
2002.11.14 18:42 B H:\HOME\www\volfova\isoa\include\unit.php --> mail1 /var/www/html/mail1/postaci/volfova/ISOA_pom/include unit.php
2002.11.14 18:42 B H:\HOME\www\volfova\isoa\include\unit.php --> mail1 /var/www/html/mail1/postaci/volfova/ISOA_pom/include unit.php
2002.11.14 18:43 B H:\HOME\www\volfova\isoa\include\unit.php --> mail1 /var/www/html/mail1/postaci/volfova/ISOA_pom/include unit.php
2002.11.14 18:43 B H:\HOME\www\volfova\isoa\include\unit.php --> mail1 /var/www/html/mail1/postaci/volfova/ISOA_pom/include unit.php
2002.11.14 18:44 B H:\HOME\www\volfova\isoa\include\unit.php --> mail1 /var/www/html/mail1/postaci/volfova/ISOA_pom/include unit.php
2002.11.14 18:46 B H:\HOME\www\volfova\isoa\include\unit.php --> mail1 /var/www/html/mail1/postaci/volfova/ISOA_pom/include unit.php
2002.11.14 18:46 B H:\HOME\www\volfova\isoa\include\unit.php --> mail1 /var/www/html/mail1/postaci/volfova/ISOA_pom/include unit.php
2002.11.14 18:47 B H:\HOME\www\volfova\isoa\include\unit.php --> mail1 /var/www/html/mail1/postaci/volfova/ISOA_pom/include unit.php
2002.11.14 18:48 B H:\HOME\www\volfova\isoa\include\unit.php --> mail1 /var/www/html/mail1/postaci/volfova/ISOA_pom/include unit.php
2002.11.14 18:49 B H:\HOME\www\volfova\isoa\include\unit.php --> mail1 /var/www/html/mail1/postaci/volfova/ISOA_pom/include unit.php
2002.11.14 18:49 B H:\HOME\www\volfova\isoa\include\unit.php --> mail1 /var/www/html/mail1/postaci/volfova/ISOA_pom/include unit.php
2002.11.14 18:50 B H:\HOME\www\volfova\isoa\include\unit.php --> mail1 /var/www/html/mail1/postaci/volfova/ISOA_pom/include unit.php
2002.11.14 18:50 B H:\HOME\www\volfova\isoa\include\unit.php --> mail1 /var/www/html/mail1/postaci/volfova/ISOA_pom/include unit.php
2002.11.14 18:50 B H:\HOME\www\volfova\isoa\include\unit.php --> mail1 /var/www/html/mail1/postaci/volfova/ISOA_pom/include unit.php
2002.11.14 18:51 B H:\HOME\www\volfova\isoa\include\unit.php --> mail1 /var/www/html/mail1/postaci/volfova/ISOA_pom/include unit.php
2002.11.14 18:52 B H:\HOME\www\volfova\isoa\include\unit.php --> mail1 /var/www/html/mail1/postaci/volfova/ISOA_pom/include unit.php
2002.11.14 18:52 B H:\HOME\www\volfova\isoa\include\unit.php --> mail1 /var/www/html/mail1/postaci/volfova/ISOA_pom/include unit.php
2002.11.14 18:53 B H:\HOME\www\volfova\isoa\include\unit.php --> mail1 /var/www/html/mail1/postaci/volfova/ISOA_pom/include unit.php
2002.11.14 18:53 B H:\HOME\www\volfova\isoa\include\unit.php --> mail1 /var/www/html/mail1/postaci/volfova/ISOA_pom/include unit.php
2002.11.14 18:53 B H:\HOME\www\volfova\isoa\include\unit.php --> mail1 /var/www/html/mail1/postaci/volfova/ISOA_pom/include unit.php
2002.11.14 18:54 B H:\HOME\www\volfova\isoa\include\unit.php --> mail1 /var/www/html/mail1/postaci/volfova/ISOA_pom/include unit.php
2002.11.14 18:54 B H:\HOME\www\volfova\isoa\include\unit.php --> mail1 /var/www/html/mail1/postaci/volfova/ISOA_pom/include unit.php
2002.11.14 18:55 B H:\HOME\www\volfova\isoa\include\unit.php --> mail1 /var/www/html/mail1/postaci/volfova/ISOA_pom/include unit.php
2002.11.14 18:55 B H:\HOME\www\volfova\isoa\include\unit.php --> mail1 /var/www/html/mail1/postaci/volfova/ISOA_pom/include unit.php
2002.11.14 18:56 B H:\HOME\www\volfova\isoa\include\unit.php --> mail1 /var/www/html/mail1/postaci/volfova/ISOA_pom/include unit.php
2002.11.14 18:58 B H:\HOME\www\volfova\isoa\include\unit.php --> mail1 /var/www/html/mail1/postaci/volfova/ISOA_pom/include unit.php
2002.11.14 18:58 B H:\HOME\www\volfova\isoa\include\unit.php --> mail1 /var/www/html/mail1/postaci/volfova/ISOA_pom/include unit.php
2002.11.14 18:59 B H:\HOME\www\volfova\isoa\include\unit.php --> mail1 /var/www/html/mail1/postaci/volfova/ISOA_pom/include unit.php
2002.11.14 18:59 B H:\HOME\www\volfova\isoa\include\unit.php --> mail1 /var/www/html/mail1/postaci/volfova/ISOA_pom/include unit.php
2002.11.14 19:30 B H:\HOME\www\volfova\isoa\include\unit.php --> mail1 /var/www/html/mail1/postaci/volfova/ISOA_pom/include unit.php
2002.11.14 19:31 B H:\HOME\www\volfova\isoa\include\unit.php --> mail1 /var/www/html/mail1/postaci/volfova/ISOA_pom/include unit.php
2002.11.14 19:31 B H:\HOME\www\volfova\isoa\include\unit.php --> mail1 /var/www/html/mail1/postaci/volfova/ISOA_pom/include unit.php
2002.11.14 19:32 B H:\HOME\www\volfova\isoa\include\unit.php --> mail1 /var/www/html/mail1/postaci/volfova/ISOA_pom/include unit.php
2002.11.14 19:32 B H:\HOME\www\volfova\isoa\include\unit.php --> mail1 /var/www/html/mail1/postaci/volfova/ISOA_pom/include unit.php
2002.11.14 19:33 B H:\HOME\www\volfova\isoa\include\unit.php --> mail1 /var/www/html/mail1/postaci/volfova/ISOA_pom/include unit.php
2002.11.14 19:33 B H:\HOME\www\volfova\isoa\include\unit.php --> mail1 /var/www/html/mail1/postaci/volfova/ISOA_pom/include unit.php
2002.11.14 19:33 B H:\HOME\www\volfova\isoa\include\unit.php --> mail1 /var/www/html/mail1/postaci/volfova/ISOA_pom/include unit.php
2002.11.14 19:34 B H:\HOME\www\volfova\isoa\include\unit.php --> mail1 /var/www/html/mail1/postaci/volfova/ISOA_pom/include unit.php
2002.11.14 19:34 B H:\HOME\www\volfova\isoa\include\unit.php --> mail1 /var/www/html/mail1/postaci/volfova/ISOA_pom/include unit.php
2002.11.14 19:35 B H:\HOME\www\volfova\isoa\include\unit.php --> mail1 /var/www/html/mail1/postaci/volfova/ISOA_pom/include unit.php
2002.11.14 19:35 B H:\HOME\www\volfova\isoa\include\unit.php --> mail1 /var/www/html/mail1/postaci/volfova/ISOA_pom/include unit.php
2002.11.14 19:36 B H:\HOME\www\volfova\isoa\include\unit.php --> mail1 /var/www/html/mail1/postaci/volfova/ISOA_pom/include unit.php
2002.11.14 19:36 B H:\HOME\www\volfova\isoa\include\unit.php --> mail1 /var/www/html/mail1/postaci/volfova/ISOA_pom/include unit.php
2002.11.14 19:36 B H:\HOME\www\volfova\isoa\include\unit.php --> mail1 /var/www/html/mail1/postaci/volfova/ISOA_pom/include unit.php
2002.11.14 19:36 B H:\HOME\www\volfova\isoa\include\unit.php --> mail1 /var/www/html/mail1/postaci/volfova/ISOA_pom/include unit.php
2002.11.14 19:37 B H:\HOME\www\volfova\isoa\include\unit.php --> mail1 /var/www/html/mail1/postaci/volfova/ISOA_pom/include unit.php
2002.11.14 19:37 B H:\HOME\www\volfova\isoa\include\unit.php --> mail1 /var/www/html/mail1/postaci/volfova/ISOA_pom/include unit.php
2002.11.14 19:38 B H:\HOME\www\volfova\isoa\include\unit.php --> mail1 /var/www/html/mail1/postaci/volfova/ISOA_pom/include unit.php
2002.11.14 19:38 B H:\HOME\www\volfova\isoa\include\unit.php --> mail1 /var/www/html/mail1/postaci/volfova/ISOA_pom/include unit.php
2002.11.14 19:38 B H:\HOME\www\volfova\isoa\include\unit.php --> mail1 /var/www/html/mail1/postaci/volfova/ISOA_pom/include unit.php
2002.11.14 19:38 B H:\HOME\www\volfova\isoa\include\unit.php --> mail1 /var/www/html/mail1/postaci/volfova/ISOA_pom/include unit.php
2002.11.14 19:39 B H:\HOME\www\volfova\isoa\include\unit.php --> mail1 /var/www/html/mail1/postaci/volfova/ISOA_pom/include unit.php
2002.11.14 19:39 B H:\HOME\www\volfova\isoa\include\unit.php --> mail1 /var/www/html/mail1/postaci/volfova/ISOA_pom/include unit.php
2002.11.15 13:25 B H:\HOME\www\volfova\isoa\include\unit.php --> mail1 /var/www/html/mail1/postaci/volfova/ISOA_pom/include unit.php
2002.11.15 13:27 B H:\HOME\www\volfova\isoa\include\unit.php --> mail1 /var/www/html/mail1/postaci/volfova/ISOA_pom/include unit.php
2002.11.15 13:29 B H:\HOME\www\volfova\isoa\include\unit.php --> mail1 /var/www/html/mail1/postaci/volfova/ISOA_pom/include unit.php
2002.11.15 14:05 B H:\HOME\www\volfova\isoa\include\unit.php --> mail1 /var/www/html/mail1/postaci/volfova/ISOA_pom/include unit.php
2002.11.15 14:12 B H:\HOME\www\volfova\isoa\include\unit.php --> mail1 /var/www/html/mail1/postaci/volfova/ISOA_pom/include unit.php
2002.11.15 14:16 B H:\HOME\www\volfova\isoa\include\unit.php --> mail1 /var/www/html/mail1/postaci/volfova/ISOA_pom/include unit.php
2002.11.15 14:17 B H:\HOME\www\volfova\isoa\include\unit.php --> mail1 /var/www/html/mail1/postaci/volfova/ISOA_pom/include unit.php
2002.11.15 14:33 B H:\HOME\www\volfova\isoa\include\unit.php --> mail1 /var/www/html/mail1/postaci/volfova/ISOA_pom/include unit.php
2002.11.15 14:41 B H:\HOME\www\volfova\isoa\include\unit.php --> mail1 /var/www/html/mail1/postaci/volfova/ISOA_pom/include unit.php
2002.11.15 14:41 B H:\HOME\www\volfova\isoa\include\odkazy.php --> mail1 /var/www/html/mail1/postaci/volfova/ISOA_pom/include odkazy.php
2002.11.15 14:53 B H:\HOME\www\volfova\isoa\include\unit.php --> mail1 /var/www/html/mail1/postaci/volfova/ISOA_pom/include unit.php
2002.11.15 14:53 B H:\HOME\www\volfova\isoa\include\unit.php --> mail1 /var/www/html/mail1/postaci/volfova/ISOA_pom/include unit.php
2002.11.15 14:55 B H:\HOME\www\volfova\isoa\include\unit.php --> mail1 /var/www/html/mail1/postaci/volfova/ISOA_pom/include unit.php
2002.11.15 14:59 B H:\HOME\www\volfova\isoa\include\unit.php --> mail1 /var/www/html/mail1/postaci/volfova/ISOA_pom/include unit.php
2002.11.15 15:00 B H:\HOME\www\volfova\isoa\include\unit.php --> mail1 /var/www/html/mail1/postaci/volfova/ISOA_pom/include unit.php
2002.11.15 15:01 B H:\HOME\www\volfova\isoa\include\unit.php --> mail1 /var/www/html/mail1/postaci/volfova/ISOA_pom/include unit.php
2002.11.15 15:25 B H:\HOME\www\volfova\isoa\include\unit.php --> mail1 /var/www/html/mail1/postaci/volfova/ISOA_pom/include unit.php
2002.11.15 15:27 B H:\HOME\www\volfova\isoa\include\unit.php --> mail1 /var/www/html/mail1/postaci/volfova/ISOA_pom/include unit.php
2002.11.15 15:27 B H:\HOME\www\volfova\isoa\include\odkazy.php --> mail1 /var/www/html/mail1/postaci/volfova/ISOA_pom/include odkazy.php
2002.11.15 15:28 B H:\HOME\www\volfova\isoa\include\odkazy.php --> mail1 /var/www/html/mail1/postaci/volfova/ISOA_pom/include odkazy.php
2002.11.15 15:33 B H:\HOME\www\volfova\isoa\include\odkazy.php --> mail1 /var/www/html/mail1/postaci/volfova/ISOA_pom/include odkazy.php
2002.11.15 15:33 B H:\HOME\www\volfova\isoa\include\unit.php --> mail1 /var/www/html/mail1/postaci/volfova/ISOA_pom/include unit.php
2002.11.15 15:39 B H:\HOME\www\volfova\isoa\include\odkazy.php --> mail1 /var/www/html/mail1/postaci/volfova/ISOA_pom/include odkazy.php
2002.11.15 15:39 B H:\HOME\www\volfova\isoa\include\odkazy.php --> mail1 /var/www/html/mail1/postaci/volfova/ISOA_pom/include odkazy.php
2002.11.15 15:40 B H:\HOME\www\volfova\isoa\include\odkazy.php --> mail1 /var/www/html/mail1/postaci/volfova/ISOA_pom/include odkazy.php
2002.11.15 15:40 B H:\HOME\www\volfova\isoa\include\unit.php --> mail1 /var/www/html/mail1/postaci/volfova/ISOA_pom/include unit.php
2002.11.15 15:42 B H:\HOME\www\volfova\isoa\include\odkazy.php --> mail1 /var/www/html/mail1/postaci/volfova/ISOA_pom/include odkazy.php
2002.11.15 15:49 B H:\HOME\www\volfova\isoa\include\unit.php --> mail1 /var/www/html/mail1/postaci/volfova/ISOA_pom/include unit.php
2002.11.15 15:50 B H:\HOME\www\volfova\isoa\include\unit.php --> mail1 /var/www/html/mail1/postaci/volfova/ISOA_pom/include unit.php
2002.11.15 15:50 B H:\HOME\www\volfova\isoa\include\unit.php --> mail1 /var/www/html/mail1/postaci/volfova/ISOA_pom/include unit.php
2002.11.15 15:51 B H:\HOME\www\volfova\isoa\include\unit.php --> mail1 /var/www/html/mail1/postaci/volfova/ISOA_pom/include unit.php
2002.11.15 15:52 B H:\HOME\www\volfova\isoa\include\unit.php --> mail1 /var/www/html/mail1/postaci/volfova/ISOA_pom/include unit.php
2002.11.15 15:53 B H:\HOME\www\volfova\isoa\include\unit.php --> mail1 /var/www/html/mail1/postaci/volfova/ISOA_pom/include unit.php
2002.11.15 15:54 B H:\HOME\www\volfova\isoa\include\unit.php --> mail1 /var/www/html/mail1/postaci/volfova/ISOA_pom/include unit.php
2002.11.15 15:54 B H:\HOME\www\volfova\isoa\include\unit.php --> mail1 /var/www/html/mail1/postaci/volfova/ISOA_pom/include unit.php
2002.11.15 15:55 B H:\HOME\www\volfova\isoa\include\unit.php --> mail1 /var/www/html/mail1/postaci/volfova/ISOA_pom/include unit.php
2002.11.15 15:55 B H:\HOME\www\volfova\isoa\include\unit.php --> mail1 /var/www/html/mail1/postaci/volfova/ISOA_pom/include unit.php
2002.11.15 15:56 B H:\HOME\www\volfova\isoa\include\unit.php --> mail1 /var/www/html/mail1/postaci/volfova/ISOA_pom/include unit.php
2002.11.15 15:56 B H:\HOME\www\volfova\isoa\include\unit.php --> mail1 /var/www/html/mail1/postaci/volfova/ISOA_pom/include unit.php
2002.11.15 16:10 B H:\HOME\www\volfova\isoa\include\unit.php --> mail1 /var/www/html/mail1/postaci/volfova/ISOA_pom/include unit.php
2002.11.15 16:11 B H:\HOME\www\volfova\isoa\include\unit.php --> mail1 /var/www/html/mail1/postaci/volfova/ISOA_pom/include unit.php
2002.11.15 16:12 B H:\HOME\www\volfova\isoa\include\unit.php --> mail1 /var/www/html/mail1/postaci/volfova/ISOA_pom/include unit.php
2002.11.15 16:28 B H:\HOME\www\volfova\isoa\include\unit.php --> mail1 /var/www/html/mail1/postaci/volfova/ISOA_pom/include unit.php
2002.11.15 16:40 B H:\HOME\www\volfova\isoa\include\unit.php --> mail1 /var/www/html/mail1/postaci/volfova/ISOA_pom/include unit.php
2002.11.15 16:46 B H:\HOME\www\volfova\isoa\include\unit.php --> mail1 /var/www/html/mail1/postaci/volfova/ISOA_pom/include unit.php
2002.11.15 16:46 B H:\HOME\www\volfova\isoa\include\unit.php --> mail1 /var/www/html/mail1/postaci/volfova/ISOA_pom/include unit.php
2002.11.15 16:46 B H:\HOME\www\volfova\isoa\include\unit.php --> mail1 /var/www/html/mail1/postaci/volfova/ISOA_pom/include unit.php
2002.11.15 16:47 B H:\HOME\www\volfova\isoa\include\unit.php --> mail1 /var/www/html/mail1/postaci/volfova/ISOA_pom/include unit.php
2002.11.15 16:48 B H:\HOME\www\volfova\isoa\include\unit.php --> mail1 /var/www/html/mail1/postaci/volfova/ISOA_pom/include unit.php
2002.11.15 16:50 B H:\HOME\www\volfova\isoa\include\unit.php --> mail1 /var/www/html/mail1/postaci/volfova/ISOA_pom/include unit.php
2002.11.15 16:52 B H:\HOME\www\volfova\isoa\include\unit.php --> mail1 /var/www/html/mail1/postaci/volfova/ISOA_pom/include unit.php
2002.11.15 16:53 B H:\HOME\www\volfova\isoa\include\unit.php --> mail1 /var/www/html/mail1/postaci/volfova/ISOA_pom/include unit.php
2002.11.15 16:53 B H:\HOME\www\volfova\isoa\include\unit.php --> mail1 /var/www/html/mail1/postaci/volfova/ISOA_pom/include unit.php
2002.11.15 16:57 B H:\HOME\www\volfova\isoa\include\unit.php --> mail1 /var/www/html/mail1/postaci/volfova/ISOA_pom/include unit.php
2002.11.15 17:03 B H:\HOME\www\volfova\isoa\include\unit.php --> mail1 /var/www/html/mail1/postaci/volfova/ISOA_pom/include unit.php
2002.11.22 13:50 B H:\HOME\www\volfova\isoa\include\unit.php --> mail1 /var/www/html/mail1/postaci/volfova/ISOA_pom/include unit.php
2002.11.22 13:51 B H:\HOME\www\volfova\isoa\include\unit.php --> mail1 /var/www/html/mail1/postaci/volfova/ISOA_pom/include unit.php
2002.11.22 13:51 B H:\HOME\www\volfova\isoa\include\unit.php --> mail1 /var/www/html/mail1/postaci/volfova/ISOA_pom/include unit.php
2002.11.22 13:51 B H:\HOME\www\volfova\isoa\include\unit.php --> mail1 /var/www/html/mail1/postaci/volfova/ISOA_pom/include unit.php
2002.11.27 12:12 B H:\HOME\www\volfova\isoa\include\unit.php --> mail1 /var/www/html/mail1/postaci/volfova/ISOA_pom/include unit.php
2002.11.27 12:13 B H:\HOME\www\volfova\isoa\include\unit.php --> mail1 /var/www/html/mail1/postaci/volfova/ISOA_pom/include unit.php
2002.11.27 12:15 B H:\HOME\www\volfova\isoa\include\unit.php --> mail1 /var/www/html/mail1/postaci/volfova/ISOA_pom/include unit.php
2002.11.27 15:11 B H:\HOME\www\volfova\isoa\include\unit.php --> mail1 /var/www/html/mail1/postaci/volfova/ISOA_pom/include unit.php
2002.11.27 15:12 B H:\HOME\www\volfova\isoa\include\unit.php --> mail1 /var/www/html/mail1/postaci/volfova/ISOA_pom/include unit.php
2002.11.27 15:13 B H:\HOME\www\volfova\isoa\include\unit.php --> mail1 /var/www/html/mail1/postaci/volfova/ISOA_pom/include unit.php
2002.11.27 15:14 B H:\HOME\www\volfova\isoa\include\unit.php --> mail1 /var/www/html/mail1/postaci/volfova/ISOA_pom/include unit.php
2002.11.27 15:16 B H:\HOME\www\volfova\isoa\include\unit.php --> mail1 /var/www/html/mail1/postaci/volfova/ISOA_pom/include unit.php
2002.11.27 15:16 B H:\HOME\www\volfova\isoa\include\unit.php --> mail1 /var/www/html/mail1/postaci/volfova/ISOA_pom/include unit.php
2002.11.27 15:18 B H:\HOME\www\volfova\isoa\include\unit.php --> mail1 /var/www/html/mail1/postaci/volfova/ISOA_pom/include unit.php
2002.11.27 15:18 B H:\HOME\www\volfova\isoa\include\odkazy.php <-- mail /var/www/html/mail1/postaci/volfova/ISOA_pom/include odkazy.php
2002.11.27 15:21 B H:\HOME\www\volfova\isoa\include\unit.php --> mail1 /var/www/html/mail1/postaci/volfova/ISOA_pom/include unit.php
2002.11.27 15:22 B H:\HOME\www\volfova\isoa\include\unit.php --> mail1 /var/www/html/mail1/postaci/volfova/ISOA_pom/include unit.php
2002.11.27 15:24 B H:\HOME\www\volfova\isoa\include\unit.php --> mail1 /var/www/html/mail1/postaci/volfova/ISOA_pom/include unit.php
2002.11.27 15:25 B H:\HOME\www\volfova\isoa\include\unit.php --> mail1 /var/www/html/mail1/postaci/volfova/ISOA_pom/include unit.php
2002.11.27 15:27 B H:\HOME\www\volfova\isoa\include\unit.php --> mail1 /var/www/html/mail1/postaci/volfova/ISOA_pom/include unit.php
2002.11.27 15:28 B H:\HOME\www\volfova\isoa\include\unit.php --> mail1 /var/www/html/mail1/postaci/volfova/ISOA_pom/include unit.php
2002.11.27 15:29 B H:\HOME\www\volfova\isoa\include\unit.php --> mail1 /var/www/html/mail1/postaci/volfova/ISOA_pom/include unit.php
2002.11.27 15:30 B H:\HOME\www\volfova\isoa\include\unit.php --> mail1 /var/www/html/mail1/postaci/volfova/ISOA_pom/include unit.php
2002.11.27 15:33 B H:\HOME\www\volfova\isoa\include\unit.php --> mail1 /var/www/html/mail1/postaci/volfova/ISOA_pom/include unit.php
2002.11.27 15:33 B H:\HOME\www\volfova\isoa\include\unit.php --> mail1 /var/www/html/mail1/postaci/volfova/ISOA_pom/include unit.php
2002.11.27 15:34 B H:\HOME\www\volfova\isoa\include\unit.php --> mail1 /var/www/html/mail1/postaci/volfova/ISOA_pom/include unit.php
2002.11.27 15:35 B H:\HOME\www\volfova\isoa\include\unit.php --> mail1 /var/www/html/mail1/postaci/volfova/ISOA_pom/include unit.php
2002.11.27 15:40 B H:\HOME\www\volfova\isoa\include\unit.php --> mail1 /var/www/html/mail1/postaci/volfova/ISOA_pom/include unit.php
2002.11.27 15:40 B H:\HOME\www\volfova\isoa\include\unit.php --> mail1 /var/www/html/mail1/postaci/volfova/ISOA_pom/include unit.php
2002.11.28 09:07 B H:\HOME\www\volfova\isoa\include\unit.php --> mail1 /var/www/html/mail1/postaci/volfova/ISOA_pom/include unit.php
2002.11.28 09:38 B H:\HOME\www\volfova\isoa\include\odkazy.php --> mail1 /var/www/html/mail1/postaci/volfova/ISOA_pom/include odkazy.php
2002.11.28 09:46 B H:\HOME\www\volfova\isoa\include\unit.php --> mail1 /var/www/html/mail1/postaci/volfova/ISOA_pom/include unit.php
2002.11.28 09:46 B H:\HOME\www\volfova\isoa\include\odkazy.php --> mail1 /var/www/html/mail1/postaci/volfova/ISOA_pom/include odkazy.php
2002.11.28 10:11 B H:\HOME\www\volfova\isoa\include\unit.php --> mail1 /var/www/html/mail1/postaci/volfova/ISOA_pom/include unit.php
2002.11.28 10:11 B H:\HOME\www\volfova\isoa\include\unit.php --> mail1 /var/www/html/mail1/postaci/volfova/ISOA_pom/include unit.php
2002.11.28 11:53 B H:\HOME\www\volfova\isoa\include\odkazy.php --> mail1 /var/www/html/mail1/postaci/volfova/ISOA_pom/include odkazy.php
2002.11.28 11:53 B H:\HOME\www\volfova\isoa\include\unit.php --> mail1 /var/www/html/mail1/postaci/volfova/ISOA_pom/include unit.php
2002.11.28 11:56 B H:\HOME\www\volfova\isoa\include\unit.php --> mail1 /var/www/html/mail1/postaci/volfova/ISOA_pom/include unit.php
2002.11.29 13:27 B H:\HOME\www\volfova\isoa\include\odkazy.php --> mail1 /var/www/html/mail1/postaci/volfova/ISOA_pom/include odkazy.php
2002.11.29 14:11 B H:\HOME\www\volfova\isoa\include\odkazy.php --> mail1 /var/www/html/mail1/postaci/volfova/ISOA_pom/include odkazy.php
2002.11.29 15:08 B H:\HOME\www\volfova\isoa\include\unit.php --> mail1 /var/www/html/mail1/postaci/volfova/ISOA_pom/include unit.php
2002.11.29 15:08 B H:\HOME\www\volfova\isoa\include\unit.php --> mail1 /var/www/html/mail1/postaci/volfova/ISOA_pom/include unit.php
2002.11.29 15:10 B H:\HOME\www\volfova\isoa\include\unit.php --> mail1 /var/www/html/mail1/postaci/volfova/ISOA_pom/include unit.php
2002.11.29 15:11 B H:\HOME\www\volfova\isoa\include\unit.php --> mail1 /var/www/html/mail1/postaci/volfova/ISOA_pom/include unit.php
2002.12.02 17:13 B H:\HOME\www\volfova\isoa\include\unit.php --> mail1 /var/www/html/mail1/postaci/volfova/ISOA_pom/include unit.php
2002.12.02 17:13 B H:\HOME\www\volfova\isoa\include\unit.php --> mail1 /var/www/html/mail1/postaci/volfova/ISOA_pom/include unit.php
2002.12.02 17:14 B H:\HOME\www\volfova\isoa\include\unit.php --> mail1 /var/www/html/mail1/postaci/volfova/ISOA_pom/include unit.php
2002.12.02 17:14 B H:\HOME\www\volfova\isoa\include\unit.php --> mail1 /var/www/html/mail1/postaci/volfova/ISOA_pom/include unit.php
2002.12.13 14:04 B H:\HOME\www\volfova\isoa\include\unit.php --> mail1 /var/www/html/mail1/postaci/volfova/ISOA_pom/include unit.php
2002.12.13 14:08 B H:\HOME\www\volfova\isoa\include\unit.php --> mail1 /var/www/html/mail1/postaci/volfova/ISOA_pom/include unit.php
2003.01.02 12:08 B H:\HOME\www\volfova\isoa\include\unit.php --> mail1 /var/www/html/mail1/postaci/volfova/ISOA_pom/include unit.php
2003.01.02 12:11 B H:\HOME\www\volfova\isoa\include\unit.php --> mail1 /var/www/html/mail1/postaci/volfova/ISOA_pom/include unit.php
2003.01.02 12:12 B H:\HOME\www\volfova\isoa\include\unit.php --> mail1 /var/www/html/mail1/postaci/volfova/ISOA_pom/include unit.php
2003.01.02 12:13 B H:\HOME\www\volfova\isoa\include\unit.php --> mail1 /var/www/html/mail1/postaci/volfova/ISOA_pom/include unit.php
2003.01.02 12:14 B H:\HOME\www\volfova\isoa\include\unit.php --> mail1 /var/www/html/mail1/postaci/volfova/ISOA_pom/include unit.php
2003.01.02 12:14 B H:\HOME\www\volfova\isoa\include\unit.php --> mail1 /var/www/html/mail1/postaci/volfova/ISOA_pom/include unit.php
2003.01.02 12:15 B H:\HOME\www\volfova\isoa\include\unit.php --> mail1 /var/www/html/mail1/postaci/volfova/ISOA_pom/include unit.php
2003.01.02 12:15 B H:\HOME\www\volfova\isoa\include\unit.bak --> mail1 /var/www/html/mail1/postaci/volfova/ISOA_pom/include unit.bak
2003.01.02 12:15 B H:\HOME\www\volfova\isoa\include\unit.php --> mail1 /var/www/html/mail1/postaci/volfova/ISOA_pom/include unit.php
2003.01.02 12:57 B H:\HOME\www\volfova\isoa\include\unit.php --> mail1 /var/www/html/mail1/postaci/volfova/ISOA_pom/include unit.php
2003.01.02 12:58 B H:\HOME\www\volfova\isoa\include\unit.php --> mail1 /var/www/html/mail1/postaci/volfova/ISOA_pom/include unit.php
2003.01.02 12:59 B H:\HOME\www\volfova\isoa\include\ws_ftp.log --> mail1 /var/www/html/mail1/postaci/volfova/ISOA_pom/include ws_ftp.log
2003.01.02 13:23 B H:\HOME\www\volfova\isoa\include\unit.php --> mail1 /var/www/html/mail1/postaci/volfova/ISOA_pom/include unit.php
2003.01.02 13:27 B H:\HOME\www\volfova\isoa\include\unit.php --> mail1 /var/www/html/mail1/postaci/volfova/ISOA_pom/include unit.php
2003.01.02 14:11 B H:\HOME\www\volfova\isoa\include\unit.php --> mail1 /var/www/html/mail1/postaci/volfova/ISOA_pom/include unit.php
2003.01.02 14:12 B H:\HOME\www\volfova\isoa\include\unit.php --> mail1 /var/www/html/mail1/postaci/volfova/ISOA_pom/include unit.php
2003.01.02 14:26 B H:\HOME\www\volfova\isoa\include\unit.php --> mail1 /var/www/html/mail1/postaci/volfova/ISOA_pom/include unit.php
2003.01.02 14:26 B H:\HOME\www\volfova\isoa\include\unit.php --> mail1 /var/www/html/mail1/postaci/volfova/ISOA_pom/include unit.php
2003.01.02 14:27 B H:\HOME\www\volfova\isoa\include\unit.php --> mail1 /var/www/html/mail1/postaci/volfova/ISOA_pom/include unit.php
2003.01.07 15:52 B H:\HOME\www\volfova\isoa\include\unit.php --> mail1 /var/www/html/mail1/postaci/volfova/ISOA_pom/include unit.php
2003.01.07 15:53 B H:\HOME\www\volfova\isoa\include\unit.php --> mail1 /var/www/html/mail1/postaci/volfova/ISOA_pom/include unit.php
2003.01.07 15:54 B H:\HOME\www\volfova\isoa\include\unit.php --> mail1 /var/www/html/mail1/postaci/volfova/ISOA_pom/include unit.php
2003.01.07 15:55 B H:\HOME\www\volfova\isoa\include\unit.php --> mail1 /var/www/html/mail1/postaci/volfova/ISOA_pom/include unit.php
2003.01.07 15:55 B H:\HOME\www\volfova\isoa\include\unit.php --> mail1 /var/www/html/mail1/postaci/volfova/ISOA_pom/include unit.php
2003.01.07 16:25 B H:\HOME\www\volfova\isoa\include\unit.php --> mail1 /var/www/html/mail1/postaci/volfova/ISOA_pom/include unit.php
2003.01.07 16:26 B H:\HOME\www\volfova\isoa\include\unit.php --> mail1 /var/www/html/mail1/postaci/volfova/ISOA_pom/include unit.php
2003.01.07 16:29 B H:\HOME\www\volfova\isoa\include\unit.php --> mail1 /var/www/html/mail1/postaci/volfova/ISOA_pom/include unit.php
2003.01.07 16:30 B H:\HOME\www\volfova\isoa\include\unit.php --> mail1 /var/www/html/mail1/postaci/volfova/ISOA_pom/include unit.php
2003.01.07 16:30 B H:\HOME\www\volfova\isoa\include\unit.php --> mail1 /var/www/html/mail1/postaci/volfova/ISOA_pom/include unit.php
2003.01.07 16:31 B H:\HOME\www\volfova\isoa\include\unit.php --> mail1 /var/www/html/mail1/postaci/volfova/ISOA_pom/include unit.php
2003.01.07 16:32 B H:\HOME\www\volfova\isoa\include\unit.php --> mail1 /var/www/html/mail1/postaci/volfova/ISOA_pom/include unit.php
2003.01.07 16:32 B H:\HOME\www\volfova\isoa\include\unit.php --> mail1 /var/www/html/mail1/postaci/volfova/ISOA_pom/include unit.php
2003.01.07 16:34 B H:\HOME\www\volfova\isoa\include\unit.php --> mail1 /var/www/html/mail1/postaci/volfova/ISOA_pom/include unit.php
2003.01.07 16:35 B H:\HOME\www\volfova\isoa\include\unit.php --> mail1 /var/www/html/mail1/postaci/volfova/ISOA_pom/include unit.php
2003.01.08 13:38 B H:\HOME\www\volfova\isoa\include\unit.php --> mail1 /var/www/html/mail1/postaci/volfova/ISOA_pom/include unit.php
2003.01.08 13:38 B H:\HOME\www\volfova\isoa\include\unit.php --> mail1 /var/www/html/mail1/postaci/volfova/ISOA_pom/include unit.php
2003.01.08 13:40 B H:\HOME\www\volfova\isoa\include\unit.php --> mail1 /var/www/html/mail1/postaci/volfova/ISOA_pom/include unit.php
2003.01.08 13:46 B H:\HOME\www\volfova\isoa\include\unit.php --> mail1 /var/www/html/mail1/postaci/volfova/ISOA_pom/include unit.php
2003.01.08 13:46 B H:\HOME\www\volfova\isoa\include\unit.php --> mail1 /var/www/html/mail1/postaci/volfova/ISOA_pom/include unit.php
2003.01.08 13:47 B H:\HOME\www\volfova\isoa\include\unit.php --> mail1 /var/www/html/mail1/postaci/volfova/ISOA_pom/include unit.php
2003.01.08 13:47 B H:\HOME\www\volfova\isoa\include\unit.php --> mail1 /var/www/html/mail1/postaci/volfova/ISOA_pom/include unit.php
2003.01.08 13:53 B H:\HOME\www\volfova\isoa\include\unit.php --> mail1 /var/www/html/mail1/postaci/volfova/ISOA_pom/include unit.php
2003.01.08 15:08 B H:\HOME\www\volfova\isoa\include\unit.php --> mail1 /var/www/html/mail1/postaci/volfova/ISOA_pom/include unit.php
2003.01.08 15:08 B H:\HOME\www\volfova\isoa\include\unit.php --> mail1 /var/www/html/mail1/postaci/volfova/ISOA_pom/include unit.php
2003.01.09 10:07 B H:\HOME\www\volfova\isoa\include\unit.php --> mail1 /var/www/html/mail1/postaci/volfova/ISOA_pom/include unit.php
2003.01.09 10:07 B H:\HOME\www\volfova\isoa\include\odkazy.php --> mail1 /var/www/html/mail1/postaci/volfova/ISOA_pom/include odkazy.php
2003.01.09 11:45 B H:\HOME\www\volfova\isoa\include\unit.php --> mail1 /var/www/html/mail1/postaci/volfova/ISOA_pom unit.php
2003.01.09 11:46 B H:\HOME\www\volfova\isoa\include\unit.php --> mail1 /var/www/html/mail1/postaci/volfova/ISOA_pom/include unit.php
2003.01.09 17:14 B H:\HOME\www\volfova\isoa\include\odkazy.php --> mail1 /var/www/html/mail1/postaci/volfova/ISOA_pom/include odkazy.php
2003.01.09 17:15 B H:\HOME\www\volfova\isoa\include\odkazy.php --> mail1 /var/www/html/mail1/postaci/volfova/ISOA_pom/include odkazy.php
2003.01.10 15:18 B H:\HOME\www\volfova\isoa\include\unit.php --> mail1 /var/www/html/mail1/postaci/volfova/ISOA_pom/include unit.php
2003.01.10 15:22 B H:\HOME\www\volfova\isoa\include\unit.php --> mail1 /var/www/html/mail1/postaci/volfova/ISOA_pom/include unit.php
2003.01.10 15:27 B H:\HOME\www\volfova\isoa\include\unit.php --> mail1 /var/www/html/mail1/postaci/volfova/ISOA_pom/include unit.php
2003.01.14 14:49 B H:\HOME\www\volfova\isoa\include\odkazy.php --> mail1 /var/www/html/mail1/postaci/volfova/ISOA_pom/include odkazy.php
2003.01.14 14:49 B H:\HOME\www\volfova\isoa\include\odkazy.php --> mail1 /var/www/html/mail1/postaci/volfova/ISOA_pom/include odkazy.php
2003.01.14 15:52 B H:\HOME\www\volfova\isoa\include\odkazy.php --> mail1 /var/www/html/mail1/postaci/volfova/ISOA_pom/include odkazy.php
2003.01.14 15:53 B H:\HOME\www\volfova\isoa\include\odkazy.php --> mail1 /var/www/html/mail1/postaci/volfova/ISOA_pom/include odkazy.php
2003.01.14 15:54 B H:\HOME\www\volfova\isoa\include\odkazy.php --> mail1 /var/www/html/mail1/postaci/volfova/ISOA_pom/include odkazy.php
2003.01.14 15:54 B H:\HOME\www\volfova\isoa\include\odkazy.php --> mail1 /var/www/html/mail1/postaci/volfova/ISOA_pom/include odkazy.php
2003.01.14 16:36 B H:\HOME\www\volfova\isoa\include\unit.php --> mail1 /var/www/html/mail1/postaci/volfova/ISOA_pom/include unit.php
2003.01.14 16:38 B H:\HOME\www\volfova\isoa\include\unit.php --> mail1 /var/www/html/mail1/postaci/volfova/ISOA_pom/include unit.php
2003.01.15 13:02 B H:\HOME\www\volfova\isoa\include\unit.php --> mail1 /var/www/html/mail1/postaci/volfova/ISOA_pom/include unit.php
2003.01.15 13:03 B H:\HOME\www\volfova\isoa\include\unit.php --> mail1 /var/www/html/mail1/postaci/volfova/ISOA_pom/include unit.php
2003.01.15 13:03 B H:\HOME\www\volfova\isoa\include\unit.php --> mail1 /var/www/html/mail1/postaci/volfova/ISOA_pom/include unit.php
2003.01.15 13:15 B H:\HOME\www\volfova\isoa\include\unit.php --> mail1 /var/www/html/mail1/postaci/volfova/ISOA_pom/include unit.php
2003.01.15 13:18 B H:\HOME\www\volfova\isoa\include\unit.php --> mail1 /var/www/html/mail1/postaci/volfova/ISOA_pom/include unit.php
2003.01.15 16:16 B H:\HOME\www\volfova\isoa\include\unit.php --> mail1 /var/www/html/mail1/postaci/volfova/ISOA_pom/include unit.php
2003.01.16 08:10 B H:\HOME\www\volfova\isoa\include\unit.php --> mail1 /var/www/html/mail1/postaci/volfova/ISOA_pom/include unit.php
2003.01.16 08:27 B H:\HOME\www\volfova\isoa\include\unit.php --> mail1 /var/www/html/mail1/postaci/volfova/ISOA_pom/include unit.php
2003.01.16 08:29 B H:\HOME\www\volfova\isoa\include\unit.php --> mail1 /var/www/html/mail1/postaci/volfova/ISOA_pom/include unit.php
2003.01.16 09:15 B H:\HOME\www\volfova\isoa\include\unit.php --> mail1 /var/www/html/mail1/postaci/volfova/ISOA_pom/include unit.php
2003.01.16 10:04 B H:\HOME\www\volfova\isoa\include\unit.php --> mail1 /var/www/html/mail1/postaci/volfova/ISOA_pom/include unit.php
2003.01.16 10:07 B H:\HOME\www\volfova\isoa\include\unit.php --> mail1 /var/www/html/mail1/postaci/volfova/ISOA_pom/include unit.php
2003.01.16 10:07 B H:\HOME\www\volfova\isoa\include\unit.php --> mail1 /var/www/html/mail1/postaci/volfova/ISOA_pom/include unit.php
2003.01.16 10:10 B H:\HOME\www\volfova\isoa\include\unit.php --> mail1 /var/www/html/mail1/postaci/volfova/ISOA_pom/include unit.php
2003.01.16 10:11 B H:\HOME\www\volfova\isoa\include\unit.php --> mail1 /var/www/html/mail1/postaci/volfova/ISOA_pom/include unit.php
2003.01.16 10:11 B H:\HOME\www\volfova\isoa\include\unit.php --> mail1 /var/www/html/mail1/postaci/volfova/ISOA_pom/include unit.php
2003.01.16 10:12 B H:\HOME\www\volfova\isoa\include\unit.php --> mail1 /var/www/html/mail1/postaci/volfova/ISOA_pom/include unit.php
2003.01.16 10:12 B H:\HOME\www\volfova\isoa\include\unit.php --> mail1 /var/www/html/mail1/postaci/volfova/ISOA_pom/include unit.php
2003.01.16 12:26 B H:\HOME\www\volfova\isoa\include\unit.php --> mail1 /var/www/html/mail1/postaci/volfova/ISOA_pom/include unit.php
2003.01.16 16:05 B H:\HOME\www\volfova\isoa\include\unit.php --> mail1 /var/www/html/mail1/postaci/volfova/ISOA_pom/include unit.php
2003.01.16 16:15 B H:\HOME\www\volfova\isoa\include\unit.php --> mail1 /var/www/html/mail1/postaci/volfova/ISOA_pom/include unit.php
2003.01.23 15:31 B H:\HOME\www\volfova\isoa\include\odkazy.bak --> oasa /var/www/html/oasa/isoa/include odkazy.bak
2003.01.23 15:31 B H:\HOME\www\volfova\isoa\include\odkazy.php --> oasa /var/www/html/oasa/isoa/include odkazy.php
2003.01.23 15:31 B H:\HOME\www\volfova\isoa\include\unit.bak --> oasa /var/www/html/oasa/isoa/include unit.bak
2003.01.23 15:31 B H:\HOME\www\volfova\isoa\include\unit.php --> oasa /var/www/html/oasa/isoa/include unit.php
2003.01.23 15:31 B H:\HOME\www\volfova\isoa\include\unit.php0 --> oasa /var/www/html/oasa/isoa/include unit.php0
2003.01.23 15:31 B H:\HOME\www\volfova\isoa\include\ws_ftp.log --> oasa /var/www/html/oasa/isoa/include ws_ftp.log
2003.01.24 15:42 B H:\HOME\www\volfova\isoa\include\odkazy.php --> oasa /var/www/html/oasa/isoa/include odkazy.php
2003.01.29 15:52 B H:\HOME\www\volfova\isoa\include\unit.php --> mail1 /var/www/html/mail1/postaci/volfova/ISOA_pom/include unit.php
2003.01.29 15:57 B H:\HOME\www\volfova\isoa\include\unit.php --> mail1 /var/www/html/mail1/postaci/volfova/ISOA_pom/include unit.php
2003.01.30 08:10 B H:\HOME\www\volfova\isoa\include\unit.php --> mail1 /var/www/html/mail1/postaci/volfova/ISOA_pom/include unit.php
2003.01.30 13:31 B H:\HOME\www\volfova\isoa\include\unit.php --> mail1 /var/www/html/mail1/postaci/volfova/ISOA_pom/include unit.php
2003.02.05 11:13 B H:\HOME\www\volfova\isoa\include\unit.php --> mail1 /var/www/html/mail1/postaci/volfova/ISOA_pom/include unit.php
2003.02.05 11:27 B H:\HOME\www\volfova\isoa\include\unit.php --> mail1 /var/www/html/mail1/postaci/volfova/ISOA_pom/include unit.php
2003.02.05 11:54 B H:\HOME\www\volfova\isoa\include\unit.php --> mail1 /var/www/html/mail1/postaci/volfova/ISOA_pom/include unit.php
2003.02.05 12:49 B H:\HOME\www\volfova\isoa\include\unit.php --> mail1 /var/www/html/mail1/postaci/volfova/ISOA_pom/include unit.php
2003.02.05 12:49 B H:\HOME\www\volfova\isoa\include\unit.php --> mail1 /var/www/html/mail1/postaci/volfova/ISOA_pom/include unit.php
2003.02.05 12:50 B H:\HOME\www\volfova\isoa\include\unit.php --> mail1 /var/www/html/mail1/postaci/volfova/ISOA_pom/include unit.php
2003.02.05 12:51 B H:\HOME\www\volfova\isoa\include\unit.php --> mail1 /var/www/html/mail1/postaci/volfova/ISOA_pom/include unit.php
2003.02.05 12:53 B H:\HOME\www\volfova\isoa\include\unit.php --> mail1 /var/www/html/mail1/postaci/volfova/ISOA_pom/include unit.php
2003.02.05 12:55 B H:\HOME\www\volfova\isoa\include\unit.php --> mail1 /var/www/html/mail1/postaci/volfova/ISOA_pom/include unit.php
2003.02.05 12:56 B H:\HOME\www\volfova\isoa\include\unit.php --> mail1 /var/www/html/mail1/postaci/volfova/ISOA_pom/include unit.php
2003.02.05 13:02 B H:\HOME\www\volfova\isoa\include\unit.php --> mail1 /var/www/html/mail1/postaci/volfova/ISOA_pom/include unit.php
2003.02.05 13:03 B H:\HOME\www\volfova\isoa\include\unit.php --> mail1 /var/www/html/mail1/postaci/volfova/ISOA_pom/include unit.php
2003.02.05 13:03 B H:\HOME\www\volfova\isoa\include\unit.php --> mail1 /var/www/html/mail1/postaci/volfova/ISOA_pom/include unit.php
2003.02.05 13:04 B H:\HOME\www\volfova\isoa\include\unit.php --> mail1 /var/www/html/mail1/postaci/volfova/ISOA_pom/include unit.php
2003.02.05 13:04 B H:\HOME\www\volfova\isoa\include\unit.php --> mail1 /var/www/html/mail1/postaci/volfova/ISOA_pom/include unit.php
2003.02.05 13:04 B H:\HOME\www\volfova\isoa\include\unit.php --> mail1 /var/www/html/mail1/postaci/volfova/ISOA_pom/include unit.php
2003.02.05 13:04 B H:\HOME\www\volfova\isoa\include\unit.php --> mail1 /var/www/html/mail1/postaci/volfova/ISOA_pom/include unit.php
2003.02.05 13:05 B H:\HOME\www\volfova\isoa\include\unit.php --> mail1 /var/www/html/mail1/postaci/volfova/ISOA_pom/include unit.php
2003.02.05 13:05 B H:\HOME\www\volfova\isoa\include\unit.php --> mail1 /var/www/html/mail1/postaci/volfova/ISOA_pom/include unit.php
2003.02.05 13:05 B H:\HOME\www\volfova\isoa\include\unit.php --> mail1 /var/www/html/mail1/postaci/volfova/ISOA_pom/include unit.php
2003.02.05 14:12 B H:\HOME\www\volfova\isoa\include\unit.php --> mail1 /var/www/html/mail1/postaci/volfova/ISOA_pom/include unit.php
2003.02.05 14:13 B H:\HOME\www\volfova\isoa\include\unit.php --> mail1 /var/www/html/mail1/postaci/volfova/ISOA_pom/include unit.php
2003.02.05 14:14 B H:\HOME\www\volfova\isoa\include\unit.php --> mail1 /var/www/html/mail1/postaci/volfova/ISOA_pom/include unit.php
2003.02.05 14:58 B H:\HOME\www\volfova\isoa\include\odkazy.php --> mail1 /var/www/html/mail1/postaci/volfova/ISOA_pom/include odkazy.php
2003.02.05 14:58 B H:\HOME\www\volfova\isoa\include\unit.php --> mail1 /var/www/html/mail1/postaci/volfova/ISOA_pom/include unit.php
2003.02.05 14:59 B H:\HOME\www\volfova\isoa\include\unit.php --> mail1 /var/www/html/mail1/postaci/volfova/ISOA_pom/include unit.php
2003.02.05 15:00 B H:\HOME\www\volfova\isoa\include\unit.php --> mail1 /var/www/html/mail1/postaci/volfova/ISOA_pom/include unit.php
2003.02.05 15:04 B H:\HOME\www\volfova\isoa\include\unit.php --> mail1 /var/www/html/mail1/postaci/volfova/ISOA_pom/include unit.php
2003.02.05 16:10 B H:\HOME\www\volfova\isoa\include\unit.php --> mail1 /var/www/html/mail1/postaci/volfova/ISOA_pom/include unit.php
2003.02.05 16:10 B H:\HOME\www\volfova\isoa\include\unit.php --> mail1 /var/www/html/mail1/postaci/volfova/ISOA_pom/include unit.php
2003.02.05 16:17 B H:\HOME\www\volfova\isoa\include\unit.php --> mail1 /var/www/html/mail1/postaci/volfova/ISOA_pom/include unit.php
2003.02.05 16:22 B H:\HOME\www\volfova\isoa\include\unit.php --> mail1 /var/www/html/mail1/postaci/volfova/ISOA_pom/include unit.php
2003.02.05 16:23 B H:\HOME\www\volfova\isoa\include\unit.php --> mail1 /var/www/html/mail1/postaci/volfova/ISOA_pom/include unit.php
2003.02.06 11:02 B H:\HOME\www\volfova\isoa\include\unit.php --> mail1 /var/www/html/mail1/postaci/volfova/ISOA_pom/include unit.php
2003.02.06 12:10 B H:\HOME\www\volfova\isoa\include\unit.php --> mail1 /var/www/html/mail1/postaci/volfova/ISOA_pom/include unit.php
2003.02.06 13:19 B H:\HOME\www\volfova\isoa\include\unit.php --> mail1 /var/www/html/mail1/postaci/volfova/ISOA_pom/include unit.php
2003.02.06 14:16 B H:\HOME\www\volfova\isoa\include\odkazy.php --> mail1 /var/www/html/mail1/postaci/volfova/ISOA_pom/include odkazy.php
2003.02.06 14:17 B H:\HOME\www\volfova\isoa\include\odkazy.php --> mail1 /var/www/html/mail1/postaci/volfova/ISOA_pom/include odkazy.php
2003.02.06 14:17 B H:\HOME\www\volfova\isoa\include\odkazy.php --> mail1 /var/www/html/mail1/postaci/volfova/ISOA_pom/include odkazy.php
2003.02.12 14:32 B H:\HOME\www\volfova\isoa\include\unit.php --> mail1 /var/www/html/mail1/postaci/volfova/ISOA_pom/include unit.php
2003.02.14 12:15 B H:\HOME\www\volfova\isoa\include\unit.php --> oasa /var/www/html/oasa/isoa/include unit.php
2003.02.17 08:14 B H:\HOME\www\volfova\isoa\include\odkazy.php --> mail1 /var/www/html/mail1/postaci/volfova/ISOA_pom/include odkazy.php
2003.02.17 08:15 B H:\HOME\www\volfova\isoa\include\odkazy.php --> mail1 /var/www/html/mail1/postaci/volfova/ISOA_pom/include odkazy.php
2003.02.17 08:16 B H:\HOME\www\volfova\isoa\include\odkazy.php --> mail1 /var/www/html/mail1/postaci/volfova/ISOA_pom/include odkazy.php
2003.02.17 08:17 B H:\HOME\www\volfova\isoa\include\odkazy.php --> mail1 /var/www/html/mail1/postaci/volfova/ISOA_pom/include odkazy.php
2003.02.17 08:40 B H:\HOME\www\volfova\isoa\include\odkazy.php --> mail1 /var/www/html/mail1/postaci/volfova/ISOA_pom/include odkazy.php
2003.02.17 10:57 B H:\HOME\www\volfova\isoa\include\unit.php --> mail1 /var/www/html/mail1/postaci/volfova/ISOA_pom/include unit.php
2003.02.19 15:11 B H:\HOME\www\volfova\isoa\include\odkazy.bak --> oasa /var/www/html/isoa/isoa/include odkazy.bak
2003.02.19 15:11 B H:\HOME\www\volfova\isoa\include\odkazy.php --> oasa /var/www/html/isoa/isoa/include odkazy.php
2003.02.19 15:11 B H:\HOME\www\volfova\isoa\include\unit.bak --> oasa /var/www/html/isoa/isoa/include unit.bak
2003.02.19 15:11 B H:\HOME\www\volfova\isoa\include\unit.php --> oasa /var/www/html/isoa/isoa/include unit.php
2003.02.19 15:11 B H:\HOME\www\volfova\isoa\include\unit.php0 --> oasa /var/www/html/isoa/isoa/include unit.php0
2003.02.19 15:11 B H:\HOME\www\volfova\isoa\include\unit_puv.php --> oasa /var/www/html/isoa/isoa/include unit_puv.php
2003.02.19 15:11 B H:\HOME\www\volfova\isoa\include\ws_ftp.log --> oasa /var/www/html/isoa/isoa/include ws_ftp.log
2003.02.19 15:12 B H:\HOME\www\volfova\isoa\include\odkazy.php --> oasa /var/www/html/isoa/isoa/include odkazy.php
2003.02.19 15:18 B H:\HOME\www\volfova\isoa\include\unit_isoa.php --> oasa /var/www/html/isoa/isoa/include unit_isoa.php
2003.02.19 15:18 B H:\HOME\www\volfova\isoa\include\odkazy_isoa.php --> oasa /var/www/html/isoa/isoa/include odkazy_isoa.php
2003.02.19 15:30 B H:\HOME\www\volfova\isoa\include\unit_isoa.php --> oasa /var/www/html/isoa/securefiles unit_isoa.php
2003.02.19 15:33 B H:\HOME\www\volfova\isoa\include\unit_isoa.php --> oasa /var/www/html/isoa/securefiles unit_isoa.php
2003.02.19 15:34 B H:\HOME\www\volfova\isoa\include\unit_isoa.php --> oasa /var/www/html/isoa/securefiles unit_isoa.php
2003.02.19 15:36 B H:\HOME\www\volfova\isoa\include\unit_isoa.php --> oasa /var/www/html/isoa/isoa/include unit_isoa.php
2003.02.19 15:37 B H:\HOME\www\volfova\isoa\include\unit_isoa.php --> oasa /var/www/html/isoa/securefiles unit_isoa.php
2003.02.19 15:37 B H:\HOME\www\volfova\isoa\include\unit_isoa.php --> oasa /var/www/html/isoa/securefiles unit_isoa.php
2003.02.19 15:38 B H:\HOME\www\volfova\isoa\include\unit_isoa.php --> oasa /var/www/html/isoa/securefiles unit_isoa.php
2003.02.19 15:40 B H:\HOME\www\volfova\isoa\include\unit.php --> oasa /var/www/html/isoa/securefiles unit.php
2003.02.19 15:49 B H:\HOME\www\volfova\isoa\include\unit.php --> oasa /var/www/html/isoa/isoa/include unit.php
2003.02.19 15:56 B H:\HOME\www\volfova\isoa\include\odkazy_isoa.php --> oasa /var/www/html/isoa/isoa/include odkazy_isoa.php
2003.02.25 09:12 B H:\HOME\www\volfova\isoa\include\odkazy_oasa.php --> oasa /var/www/html/oasa/isoa/include odkazy_oasa.php
2003.02.25 17:52 B H:\HOME\www\volfova\isoa\include\odkazy_oasa.php --> oasa /var/www/html/oasa/isoa/include odkazy_oasa.php
2003.02.26 08:38 B H:\HOME\www\volfova\isoa\include\unit_oasa.php --> oasa /var/www/html/oasa/isoa/include unit_oasa.php
2003.02.26 15:28 B H:\HOME\www\volfova\isoa\include\odkazy_oasa.php --> oasa /var/www/html/oasa/isoa/include odkazy_oasa.php
2003.02.26 15:28 B H:\HOME\www\volfova\isoa\include\odkazy_oasa.php --> oasa /var/www/html/oasa/isoa/include odkazy_oasa.php
2003.02.26 15:29 B H:\HOME\www\volfova\isoa\include\odkazy_oasa.php --> oasa /var/www/html/oasa/isoa/include odkazy_oasa.php
2003.02.26 15:29 B H:\HOME\www\volfova\isoa\include\odkazy_oasa.php --> oasa /var/www/html/oasa/isoa/include odkazy_oasa.php
2003.02.26 15:29 B H:\HOME\www\volfova\isoa\include\odkazy_oasa.php --> oasa /var/www/html/oasa/isoa/include odkazy_oasa.php
2003.02.26 15:31 B H:\HOME\www\volfova\isoa\include\odkazy_oasa.php --> oasa /var/www/html/oasa/isoa/include odkazy_oasa.php
2003.02.26 15:33 B H:\HOME\www\volfova\isoa\include\odkazy_oasa.php --> oasa /var/www/html/oasa/isoa/include odkazy_oasa.php
2003.02.26 15:34 B H:\HOME\www\volfova\isoa\include\odkazy_oasa.php --> oasa /var/www/html/oasa/isoa/include odkazy_oasa.php
2003.02.26 15:34 B H:\HOME\www\volfova\isoa\include\odkazy_oasa.php --> oasa /var/www/html/oasa/isoa/include odkazy_oasa.php
2003.02.26 15:42 B H:\HOME\www\volfova\isoa\include\unit_oasa.php --> oasa /var/www/html/oasa/isoa/include unit_oasa.php
2003.02.26 15:44 B H:\HOME\www\volfova\isoa\include\rozvrh.htm <-- oasa /var/www/html/oasa/isoa/rozvrhy rozvrh.htm
2003.02.26 15:46 B H:\HOME\www\volfova\isoa\include\odkazy_oasa.php --> oasa /var/www/html/oasa/isoa/include odkazy_oasa.php
2003.02.26 15:56 B H:\HOME\www\volfova\isoa\include\odkazy_oasa.php --> oasa /var/www/html/oasa/isoa/rozvrhy odkazy_oasa.php
2003.02.26 15:56 B H:\HOME\www\volfova\isoa\include\odkazy_oasa.php --> oasa /var/www/html/oasa/isoa/include odkazy_oasa.php
2003.02.26 15:56 B H:\HOME\www\volfova\isoa\include\odkazy_oasa.php --> oasa /var/www/html/oasa/isoa/include odkazy_oasa.php
2003.02.26 15:58 B H:\HOME\www\volfova\isoa\include\odkazy_oasa.php --> oasa /var/www/html/oasa/isoa/include odkazy_oasa.php
2003.02.26 15:58 B H:\HOME\www\volfova\isoa\include\odkazy_oasa.php --> oasa /var/www/html/oasa/isoa/include odkazy_oasa.php
2003.02.26 16:00 B H:\HOME\www\volfova\isoa\include\odkazy_oasa.php --> oasa /var/www/html/oasa/isoa/include odkazy_oasa.php
2003.02.26 16:00 B H:\HOME\www\volfova\isoa\include\odkazy_oasa.php --> oasa /var/www/html/oasa/isoa/include odkazy_oasa.php
2003.02.27 08:33 B H:\HOME\www\volfova\isoa\include\odkazy_oasa.php --> oasa /var/www/html/oasa/isoa/include odkazy_oasa.php
2003.02.27 08:33 B H:\HOME\www\volfova\isoa\include\unit_oasa.php --> oasa /var/www/html/oasa/isoa/include unit_oasa.php
2003.02.27 08:38 B H:\HOME\www\volfova\isoa\include\odkazy_oasa.php --> oasa /var/www/html/oasa/isoa/include odkazy_oasa.php
2003.02.27 08:38 B H:\HOME\www\volfova\isoa\include\unit_oasa.php --> oasa /var/www/html/oasa/isoa/include unit_oasa.php
2003.02.27 08:38 B H:\HOME\www\volfova\isoa\include\odkazy_oasa.php --> oasa /var/www/html/oasa/isoa/include odkazy_oasa.php
2003.02.27 08:41 B H:\HOME\www\volfova\isoa\include\odkazy_oasa.php --> oasa /var/www/html/oasa/isoa/include odkazy_oasa.php
2003.02.27 08:42 B H:\HOME\www\volfova\isoa\include\odkazy_oasa.php --> oasa /var/www/html/oasa/isoa/include odkazy_oasa.php
2003.02.27 12:12 B H:\HOME\www\volfova\isoa\include\unit_oasa.php --> oasa /var/www/html/oasa/isoa/include unit_oasa.php
2003.02.27 12:13 B H:\HOME\www\volfova\isoa\include\unit_oasa.php --> oasa /var/www/html/oasa/isoa/include unit_oasa.php
2003.02.27 12:25 B H:\HOME\www\volfova\isoa\include\odkazy_oasa.php --> oasa /var/www/html/oasa/isoa/include odkazy_oasa.php
2003.02.27 12:25 B H:\HOME\www\volfova\isoa\include\unit.php <-- oasa /var/www/html/oasa/isoa/include unit.php
2003.02.28 12:05 B h:\HOME\www\volfova\isoa\include\odkazy_oasa.php --> oasa /var/www/html/oasa/isoa/include odkazy_oasa.php
2003.02.28 12:05 B h:\HOME\www\volfova\isoa\include\unit_oasa.php --> oasa /var/www/html/oasa/isoa/include unit_oasa.php
2003.02.28 12:12 B h:\HOME\www\volfova\isoa\include\unit_oasa.php --> oasa /var/www/html/oasa/isoa/include unit_oasa.php
2003.02.28 12:12 B h:\HOME\www\volfova\isoa\include\unit_oasa.php --> oasa /var/www/html/oasa/isoa/include unit_oasa.php
2003.02.28 12:17 B h:\HOME\www\volfova\isoa\include\unit_oasa.php --> oasa /var/www/html/oasa/isoa/include unit_oasa.php
2003.02.28 14:39 B h:\HOME\www\volfova\isoa\include\unit_oasa.php --> oasa /var/www/html/oasa/isoa/include unit_oasa.php
2003.02.28 14:41 B h:\HOME\www\volfova\isoa\include\unit_oasa.php --> oasa /var/www/html/oasa/isoa/include unit_oasa.php
2003.02.28 14:41 B h:\HOME\www\volfova\isoa\include\unit_oasa.php --> oasa /var/www/html/oasa/isoa/include unit_oasa.php
2003.02.28 14:42 B h:\HOME\www\volfova\isoa\include\unit_oasa.php --> oasa /var/www/html/oasa/isoa/include unit_oasa.php
2003.02.28 14:43 B h:\HOME\www\volfova\isoa\include\unit_oasa.php --> oasa /var/www/html/oasa/isoa/include unit_oasa.php
2003.02.28 14:44 B h:\HOME\www\volfova\isoa\include\unit_oasa.php --> oasa /var/www/html/oasa/isoa/include unit_oasa.php
2003.02.28 14:55 B h:\HOME\www\volfova\isoa\include\unit_oasa.php --> oasa /var/www/html/oasa/isoa/include unit_oasa.php
2003.02.28 14:56 B h:\HOME\www\volfova\isoa\include\unit_oasa.php --> oasa /var/www/html/oasa/isoa/include unit_oasa.php
2003.02.28 14:58 B h:\HOME\www\volfova\isoa\include\unit_oasa.php --> oasa /var/www/html/oasa/isoa/include unit_oasa.php
2003.02.28 15:08 B h:\HOME\www\volfova\isoa\include\unit_oasa.php --> oasa /var/www/html/oasa/isoa/include unit_oasa.php
